Using pre-set license
Built from '6000.0/staging' branch; Version is '6000.0.47f1 (2ad1ed33fd3b) revision 2806253'; Using compiler version '193933523'; Build Type 'Release'
OS: 'Windows 10  (10.0.19045) 64bit Professional' Language: 'en' Physical Memory: 8153 MB
BatchMode: 1, IsHumanControllingUs: 0, StartBugReporterOnCrash: 0, Is64bit: 1, IsPro: 1

COMMAND LINE ARGUMENTS:
C:\Program Files\Unity\Hub\Editor\6000.0.47f1\Editor\Unity.exe
-adb2
-batchMode
-noUpm
-name
AssetImportWorker4
-projectPath
D:/!Github/Fight_Game_final
-logFile
Logs/AssetImportWorker4.log
-srvPort
56810
-job-worker-count
1
-background-job-worker-count
8
-gc-helper-count
1
Successfully changed project path to: D:/!Github/Fight_Game_final
D:/!Github/Fight_Game_final
[UnityMemory] Configuration Parameters - Can be set up in boot.config
    "memorysetup-bucket-allocator-granularity=16"
    "memorysetup-bucket-allocator-bucket-count=8"
    "memorysetup-bucket-allocator-block-size=33554432"
    "memorysetup-bucket-allocator-block-count=8"
    "memorysetup-main-allocator-block-size=16777216"
    "memorysetup-thread-allocator-block-size=16777216"
    "memorysetup-gfx-main-allocator-block-size=16777216"
    "memorysetup-gfx-thread-allocator-block-size=16777216"
    "memorysetup-cache-allocator-block-size=4194304"
    "memorysetup-typetree-allocator-block-size=2097152"
    "memorysetup-profiler-bucket-allocator-granularity=16"
    "memorysetup-profiler-bucket-allocator-bucket-count=8"
    "memorysetup-profiler-bucket-allocator-block-size=33554432"
    "memorysetup-profiler-bucket-allocator-block-count=8"
    "memorysetup-profiler-allocator-block-size=16777216"
    "memorysetup-profiler-editor-allocator-block-size=1048576"
    "memorysetup-temp-allocator-size-main=16777216"
    "memorysetup-job-temp-allocator-block-size=2097152"
    "memorysetup-job-temp-allocator-block-size-background=1048576"
    "memorysetup-job-temp-allocator-reduction-small-platforms=262144"
    "memorysetup-allocator-temp-initial-block-size-main=262144"
    "memorysetup-allocator-temp-initial-block-size-worker=262144"
    "memorysetup-temp-allocator-size-background-worker=32768"
    "memorysetup-temp-allocator-size-job-worker=262144"
    "memorysetup-temp-allocator-size-preload-manager=33554432"
    "memorysetup-temp-allocator-size-nav-mesh-worker=65536"
    "memorysetup-temp-allocator-size-audio-worker=65536"
    "memorysetup-temp-allocator-size-cloud-worker=32768"
    "memorysetup-temp-allocator-size-gi-baking-worker=262144"
    "memorysetup-temp-allocator-size-gi-baking-worker=262144"
    "memorysetup-temp-allocator-size-gi-baking-worker=262144"
    "memorysetup-temp-allocator-size-gi-baking-worker=262144"
    "memorysetup-temp-allocator-size-gi-baking-worker=262144"
    "memorysetup-temp-allocator-size-gfx=262144"
Player connection [13896]  Target information:

Player connection [13896]  * "[IP] 192.168.1.9 [Port] 0 [Flags] 2 [Guid] 132470882 [EditorId] 132470882 [Version] 1048832 [Id] WindowsEditor(7,DESKTOP-R83HGA5) [Debug] 1 [PackageName] WindowsEditor [ProjectName] Editor" 

Player connection [13896]  * "[IP] 172.23.208.1 [Port] 0 [Flags] 2 [Guid] 132470882 [EditorId] 132470882 [Version] 1048832 [Id] WindowsEditor(7,DESKTOP-R83HGA5) [Debug] 1 [PackageName] WindowsEditor [ProjectName] Editor" 

Player connection [13896] Host joined multi-casting on [225.0.0.222:54997]...
Player connection [13896] Host joined alternative multi-casting on [225.0.0.222:34997]...
JobSystem: Creating JobQueue using job-worker-count value 1
Input System module state changed to: Initialized.
[Physics::Module] Initialized fallback backend.
[Physics::Module] Id: 0xdecafbad
Library Redirect Path: Library/
[Physics::Module] Selected backend.
[Physics::Module] Name: PhysX
[Physics::Module] Id: 0xf2b8ea05
[Physics::Module] SDK Version: 4.1.2
[Physics::Module] Integration Version: 1.0.0
[Physics::Module] Threading Mode: Multi-Threaded
Refreshing native plugins compatible for Editor in 596.96 ms, found 4 plugins.
Preloading 0 native plugins for Editor in 0.00 ms.
Initialize engine version: 6000.0.47f1 (2ad1ed33fd3b)
[Subsystems] Discovering subsystems at path C:/Program Files/Unity/Hub/Editor/6000.0.47f1/Editor/Data/Resources/UnitySubsystems
[Subsystems] Discovering subsystems at path D:/!Github/Fight_Game_final/Assets
GfxDevice: creating device client; kGfxThreadingModeNonThreaded
Direct3D:
    Version:  Direct3D 11.0 [level 11.1]
    Renderer: NVIDIA GeForce GTX 1060 6GB (ID=0x1c03)
    Vendor:   NVIDIA
    VRAM:     6029 MB
    Driver:   32.0.15.6636
Initialize mono
Mono path[0] = 'C:/Program Files/Unity/Hub/Editor/6000.0.47f1/Editor/Data/Managed'
Mono path[1] = 'C:/Program Files/Unity/Hub/Editor/6000.0.47f1/Editor/Data/MonoBleedingEdge/lib/mono/unityjit-win32'
Mono config path = 'C:/Program Files/Unity/Hub/Editor/6000.0.47f1/Editor/Data/MonoBleedingEdge/etc'
Using monoOptions --debugger-agent=transport=dt_socket,embedding=1,server=y,suspend=n,address=127.0.0.1:56316
Begin MonoManager ReloadAssembly
Registering precompiled unity dll's ...
Register platform support module: C:/Program Files/Unity/Hub/Editor/6000.0.47f1/Editor/Data/PlaybackEngines/WebGLSupport/UnityEditor.WebGL.Extensions.dll
Register platform support module: C:/Program Files/Unity/Hub/Editor/6000.0.47f1/Editor/Data/PlaybackEngines/WindowsStandaloneSupport/UnityEditor.WindowsStandalone.Extensions.dll
Registered in 0.012143 seconds.
- Loaded All Assemblies, in  0.862 seconds
Native extension for WindowsStandalone target not found
Native extension for WebGL target not found
Mono: successfully reloaded assembly
- Finished resetting the current domain, in  0.780 seconds
Domain Reload Profiling: 1638ms
	BeginReloadAssembly (425ms)
		ExecutionOrderSort (0ms)
		DisableScriptedObjects (0ms)
		BackupInstance (0ms)
		ReleaseScriptingObjects (0ms)
		CreateAndSetChildDomain (3ms)
	RebuildCommonClasses (59ms)
	RebuildNativeTypeToScriptingClass (19ms)
	initialDomainReloadingComplete (85ms)
	LoadAllAssembliesAndSetupDomain (268ms)
		LoadAssemblies (421ms)
		RebuildTransferFunctionScriptingTraits (0ms)
		AnalyzeDomain (262ms)
			TypeCache.Refresh (260ms)
				TypeCache.ScanAssembly (238ms)
			BuildScriptInfoCaches (0ms)
			ResolveRequiredComponents (1ms)
	FinalizeReload (781ms)
		ReleaseScriptCaches (0ms)
		RebuildScriptCaches (0ms)
		SetupLoadedEditorAssemblies (690ms)
			LogAssemblyErrors (0ms)
			InitializePlatformSupportModulesInManaged (39ms)
			SetLoadedEditorAssemblies (8ms)
			BeforeProcessingInitializeOnLoad (92ms)
			ProcessInitializeOnLoadAttributes (256ms)
			ProcessInitializeOnLoadMethodAttributes (294ms)
			AfterProcessingInitializeOnLoad (0ms)
			EditorAssembliesLoaded (0ms)
		ExecutionOrderSort2 (0ms)
		AwakeInstancesAfterBackupRestoration (0ms)
Assembly reference Packages/com.unity.cinemachine/Editor/Samples/ExposeHDRPInternals/HDRP-Editor-ref.asmref has no target assembly definition
========================================================================
Worker process is ready to serve import requests
Import Worker Mode flag is 0x00
Assembly reference Packages/com.unity.cinemachine/Editor/Samples/ExposeHDRPInternals/HDRP-Editor-ref.asmref has no target assembly definition
Assembly reference Packages/com.unity.cinemachine/Editor/Samples/ExposeHDRPInternals/HDRP-Editor-ref.asmref has no target assembly definition
Begin MonoManager ReloadAssembly
- Loaded All Assemblies, in  2.609 seconds
Assembly reference Packages/com.unity.cinemachine/Editor/Samples/ExposeHDRPInternals/HDRP-Editor-ref.asmref has no target assembly definition
'Packages/com.unity.cinemachine/Editor/Obsolete/CinemachineVirtualCameraBaseEditor.cs' contains partial class of Unity.Object, exactly 1 of the partial classes needs to be in a file with the same filename. This is to know the one that can be referenced from ie. GameObjects
'Packages/com.unity.cinemachine/Editor/Editors/CinemachineVirtualCameraBaseEditor.cs' contains partial class of Unity.Object, exactly 1 of the partial classes needs to be in a file with the same filename. This is to know the one that can be referenced from ie. GameObjects
Refreshing native plugins compatible for Editor in 2.25 ms, found 4 plugins.
Native extension for WindowsStandalone target not found
Native extension for WebGL target not found
Assembly reference Packages/com.unity.cinemachine/Editor/Samples/ExposeHDRPInternals/HDRP-Editor-ref.asmref has no target assembly definition
Package Manager log level set to [2]
[Package Manager] Failed to launch server process. Reason: Unity was launched with the -noUpm command-line argument
[Package Manager] Unable to send message (not connected to server process).
[Package Manager] Cannot connect to Unity Package Manager local server
Mono: successfully reloaded assembly
- Finished resetting the current domain, in  2.530 seconds
Domain Reload Profiling: 5130ms
	BeginReloadAssembly (282ms)
		ExecutionOrderSort (0ms)
		DisableScriptedObjects (10ms)
		BackupInstance (0ms)
		ReleaseScriptingObjects (0ms)
		CreateAndSetChildDomain (42ms)
	RebuildCommonClasses (84ms)
	RebuildNativeTypeToScriptingClass (28ms)
	initialDomainReloadingComplete (92ms)
	LoadAllAssembliesAndSetupDomain (2114ms)
		LoadAssemblies (1761ms)
		RebuildTransferFunctionScriptingTraits (0ms)
		AnalyzeDomain (533ms)
			TypeCache.Refresh (348ms)
				TypeCache.ScanAssembly (311ms)
			BuildScriptInfoCaches (152ms)
			ResolveRequiredComponents (28ms)
	FinalizeReload (2530ms)
		ReleaseScriptCaches (0ms)
		RebuildScriptCaches (0ms)
		SetupLoadedEditorAssemblies (1379ms)
			LogAssemblyErrors (0ms)
			InitializePlatformSupportModulesInManaged (11ms)
			SetLoadedEditorAssemblies (17ms)
			BeforeProcessingInitializeOnLoad (309ms)
			ProcessInitializeOnLoadAttributes (626ms)
			ProcessInitializeOnLoadMethodAttributes (404ms)
			AfterProcessingInitializeOnLoad (10ms)
			EditorAssembliesLoaded (0ms)
		ExecutionOrderSort2 (0ms)
		AwakeInstancesAfterBackupRestoration (11ms)
Launched and connected shader compiler UnityShaderCompiler.exe after 0.02 seconds
Refreshing native plugins compatible for Editor in 2.74 ms, found 4 plugins.
Preloading 0 native plugins for Editor in 0.00 ms.
Unloading 208 Unused Serialized files (Serialized files now loaded: 0)
Unloading 6994 unused Assets / (7.9 MB). Loaded Objects now: 7614.
Memory consumption went from 165.4 MB to 157.4 MB.
Total: 28.985600 ms (FindLiveObjects: 1.807100 ms CreateObjectMapping: 5.305200 ms MarkObjects: 12.814200 ms  DeleteObjects: 9.055400 ms)

========================================================================
Received Import Request.
  Time since last request: 12178.651227 seconds.
  path: Assets/TileTest/ExampleTiles_94.asset
  artifactKey: Guid(a8c321ba20e9cd149a2e8929b57d7a2d) Importer(815301076,1909f56bfc062723c751e8b465ee728b)
Start importing Assets/TileTest/ExampleTiles_94.asset using Guid(a8c321ba20e9cd149a2e8929b57d7a2d) Importer(815301076,1909f56bfc062723c751e8b465ee728b) (PreviewImporter) -> (artifact id: '6cf7355c4c48872b9d418fc056110bf2') in 0.3073201 seconds
Number of updated asset objects reloaded before import = 0Number of asset objects unloaded after import = 3

========================================================================
Received Import Request.
  Time since last request: 0.863014 seconds.
  path: Assets/TileTest/ExampleTiles_95.asset
  artifactKey: Guid(89ae7215c287f1844acc5e505bf5ae10) Importer(815301076,1909f56bfc062723c751e8b465ee728b)
Start importing Assets/TileTest/ExampleTiles_95.asset using Guid(89ae7215c287f1844acc5e505bf5ae10) Importer(815301076,1909f56bfc062723c751e8b465ee728b) (PreviewImporter) -> (artifact id: 'a4b9d71a339302499851d75e3c653a36') in 0.0132868 seconds
Number of updated asset objects reloaded before import = 0Number of asset objects unloaded after import = 3

========================================================================
Received Import Request.
  Time since last request: 0.000051 seconds.
  path: Assets/TileMap/ExampleTiles_96.asset
  artifactKey: Guid(ec0ff73eb60a52148822ea8cdb6a85d6) Importer(815301076,1909f56bfc062723c751e8b465ee728b)
Start importing Assets/TileMap/ExampleTiles_96.asset using Guid(ec0ff73eb60a52148822ea8cdb6a85d6) Importer(815301076,1909f56bfc062723c751e8b465ee728b) (PreviewImporter) -> (artifact id: '5dbb1d0f64395fd1bafc1f5583dd903f') in 0.0092898 seconds
Number of updated asset objects reloaded before import = 0Number of asset objects unloaded after import = 3

========================================================================
Received Import Request.
  Time since last request: 0.000022 seconds.
  path: Assets/TileTest/ExampleTiles_98.asset
  artifactKey: Guid(0503306d31d46124baa94b716fe44554) Importer(815301076,1909f56bfc062723c751e8b465ee728b)
Start importing Assets/TileTest/ExampleTiles_98.asset using Guid(0503306d31d46124baa94b716fe44554) Importer(815301076,1909f56bfc062723c751e8b465ee728b) (PreviewImporter) -> (artifact id: 'dc1987c5bd2c1bc668165c7dbd80863d') in 0.0114379 seconds
Number of updated asset objects reloaded before import = 0Number of asset objects unloaded after import = 3

========================================================================
Received Import Request.
  Time since last request: 0.000037 seconds.
  path: Assets/TileTest/ExampleTiles_100.asset
  artifactKey: Guid(bad01283a2172bf4a9e30c3bc749012f) Importer(815301076,1909f56bfc062723c751e8b465ee728b)
Start importing Assets/TileTest/ExampleTiles_100.asset using Guid(bad01283a2172bf4a9e30c3bc749012f) Importer(815301076,1909f56bfc062723c751e8b465ee728b) (PreviewImporter) -> (artifact id: '1d9347824945631d464e16b54836a9df') in 0.0267896 seconds
Number of updated asset objects reloaded before import = 0Number of asset objects unloaded after import = 3

========================================================================
Received Import Request.
  Time since last request: 0.000028 seconds.
  path: Assets/TileTest/ExampleTiles_104.asset
  artifactKey: Guid(797e9548228341348bb2f0055e453b5b) Importer(815301076,1909f56bfc062723c751e8b465ee728b)
Start importing Assets/TileTest/ExampleTiles_104.asset using Guid(797e9548228341348bb2f0055e453b5b) Importer(815301076,1909f56bfc062723c751e8b465ee728b) (PreviewImporter) -> (artifact id: '13b337f88fb96cd5068147aaf2a94275') in 0.0321057 seconds
Number of updated asset objects reloaded before import = 0Number of asset objects unloaded after import = 3

========================================================================
Received Import Request.
  Time since last request: 0.000044 seconds.
  path: Assets/TileMap/ExampleTiles_104.asset
  artifactKey: Guid(838a32bc68b208848982c1595f4e0da1) Importer(815301076,1909f56bfc062723c751e8b465ee728b)
Start importing Assets/TileMap/ExampleTiles_104.asset using Guid(838a32bc68b208848982c1595f4e0da1) Importer(815301076,1909f56bfc062723c751e8b465ee728b) (PreviewImporter) -> (artifact id: 'cb6e21103cdb34a51b68a7e454d30695') in 0.0078094 seconds
Number of updated asset objects reloaded before import = 0Number of asset objects unloaded after import = 3

========================================================================
Received Import Request.
  Time since last request: 0.000039 seconds.
  path: Assets/TileMap/ExampleTiles_101.asset
  artifactKey: Guid(428378c12b6ed8740afd2fa7d38d273a) Importer(815301076,1909f56bfc062723c751e8b465ee728b)
Start importing Assets/TileMap/ExampleTiles_101.asset using Guid(428378c12b6ed8740afd2fa7d38d273a) Importer(815301076,1909f56bfc062723c751e8b465ee728b) (PreviewImporter) -> (artifact id: '255c34152b94985dbd447e562525d221') in 0.0148338 seconds
Number of updated asset objects reloaded before import = 0Number of asset objects unloaded after import = 3

========================================================================
Received Import Request.
  Time since last request: 40.662428 seconds.
  path: Assets/TileMap/ExampleTiles_70.asset
  artifactKey: Guid(79295e0ab8ad379478cc408a6fcaefce) Importer(815301076,1909f56bfc062723c751e8b465ee728b)
Start importing Assets/TileMap/ExampleTiles_70.asset using Guid(79295e0ab8ad379478cc408a6fcaefce) Importer(815301076,1909f56bfc062723c751e8b465ee728b) (PreviewImporter) -> (artifact id: 'ec8c78cde56effdde4bd58295d6a2bdc') in 0.0064572 seconds
Number of updated asset objects reloaded before import = 0Number of asset objects unloaded after import = 3

========================================================================
Received Import Request.
  Time since last request: 0.000021 seconds.
  path: Assets/TileMap/ExampleTiles_74.asset
  artifactKey: Guid(3ec64b46f6334904fa3d010d135ce037) Importer(815301076,1909f56bfc062723c751e8b465ee728b)
Start importing Assets/TileMap/ExampleTiles_74.asset using Guid(3ec64b46f6334904fa3d010d135ce037) Importer(815301076,1909f56bfc062723c751e8b465ee728b) (PreviewImporter) -> (artifact id: '83595e5442cdc37021d4ca83222aabd3') in 0.0106108 seconds
Number of updated asset objects reloaded before import = 0Number of asset objects unloaded after import = 3

========================================================================
Received Import Request.
  Time since last request: 0.000021 seconds.
  path: Assets/TileTest/ExampleTiles_88.asset
  artifactKey: Guid(b0baef4d1fa457a4eb7892b5df02279b) Importer(815301076,1909f56bfc062723c751e8b465ee728b)
Start importing Assets/TileTest/ExampleTiles_88.asset using Guid(b0baef4d1fa457a4eb7892b5df02279b) Importer(815301076,1909f56bfc062723c751e8b465ee728b) (PreviewImporter) -> (artifact id: '8d76207bcbb47316abe8682407a871c4') in 0.0062559 seconds
Number of updated asset objects reloaded before import = 0Number of asset objects unloaded after import = 3

========================================================================
Received Import Request.
  Time since last request: 0.000033 seconds.
  path: Assets/TileTest/ExampleTiles_106.asset
  artifactKey: Guid(26f9c9b186062f944a7635748bbb826f) Importer(815301076,1909f56bfc062723c751e8b465ee728b)
Start importing Assets/TileTest/ExampleTiles_106.asset using Guid(26f9c9b186062f944a7635748bbb826f) Importer(815301076,1909f56bfc062723c751e8b465ee728b) (PreviewImporter) -> (artifact id: 'da8c998e350444d410f82d2fee63b8d0') in 0.0662445 seconds
Number of updated asset objects reloaded before import = 0Number of asset objects unloaded after import = 3

========================================================================
Received Import Request.
  Time since last request: 0.000024 seconds.
  path: Assets/TileMap/ExampleTiles_117.asset
  artifactKey: Guid(06cb8260c6aebee4abe280ad61bf558f) Importer(815301076,1909f56bfc062723c751e8b465ee728b)
Start importing Assets/TileMap/ExampleTiles_117.asset using Guid(06cb8260c6aebee4abe280ad61bf558f) Importer(815301076,1909f56bfc062723c751e8b465ee728b) (PreviewImporter) -> (artifact id: '1b31bf84e461edc70ecc18f31f801801') in 0.0371156 seconds
Number of updated asset objects reloaded before import = 0Number of asset objects unloaded after import = 3

========================================================================
Received Import Request.
  Time since last request: 0.000050 seconds.
  path: Assets/TileMap/ExampleTiles_107.asset
  artifactKey: Guid(eea152fc9638fc44bab1bd8dfd108518) Importer(815301076,1909f56bfc062723c751e8b465ee728b)
Start importing Assets/TileMap/ExampleTiles_107.asset using Guid(eea152fc9638fc44bab1bd8dfd108518) Importer(815301076,1909f56bfc062723c751e8b465ee728b) (PreviewImporter) -> (artifact id: '79c34dbed7ed3ef8eeadd29f8ca33b75') in 0.0647749 seconds
Number of updated asset objects reloaded before import = 0Number of asset objects unloaded after import = 3

========================================================================
Received Import Request.
  Time since last request: 0.000024 seconds.
  path: Assets/TileMap/ExampleTiles_114.asset
  artifactKey: Guid(3628bf5eb63489f4f9f0405d7cd4db89) Importer(815301076,1909f56bfc062723c751e8b465ee728b)
Start importing Assets/TileMap/ExampleTiles_114.asset using Guid(3628bf5eb63489f4f9f0405d7cd4db89) Importer(815301076,1909f56bfc062723c751e8b465ee728b) (PreviewImporter) -> (artifact id: 'c86b5b3fc8743338acb16372297c6ad7') in 0.0260782 seconds
Number of updated asset objects reloaded before import = 0Number of asset objects unloaded after import = 3

========================================================================
Received Import Request.
  Time since last request: 0.000200 seconds.
  path: Assets/TileTest/ExampleTiles_113.asset
  artifactKey: Guid(682cc1b1741e00f47b1cb46f58db10e5) Importer(815301076,1909f56bfc062723c751e8b465ee728b)
Start importing Assets/TileTest/ExampleTiles_113.asset using Guid(682cc1b1741e00f47b1cb46f58db10e5) Importer(815301076,1909f56bfc062723c751e8b465ee728b) (PreviewImporter) -> (artifact id: 'f23d01e4613188d22d3f0933af0c997f') in 0.0260641 seconds
Number of updated asset objects reloaded before import = 0Number of asset objects unloaded after import = 3

========================================================================
Received Import Request.
  Time since last request: 0.602797 seconds.
  path: Assets/TileMap/ExampleTiles_119.asset
  artifactKey: Guid(6884206cce6ced241900ae746af5a232) Importer(815301076,1909f56bfc062723c751e8b465ee728b)
Start importing Assets/TileMap/ExampleTiles_119.asset using Guid(6884206cce6ced241900ae746af5a232) Importer(815301076,1909f56bfc062723c751e8b465ee728b) (PreviewImporter) -> (artifact id: '73caf200525e05af4735109126cc3406') in 0.0470357 seconds
Number of updated asset objects reloaded before import = 0Number of asset objects unloaded after import = 3

========================================================================
Received Import Request.
  Time since last request: 0.391950 seconds.
  path: Assets/TileTest/ExampleTiles_120.asset
  artifactKey: Guid(9bba2379e6d441f49b17284cfb4e16e6) Importer(815301076,1909f56bfc062723c751e8b465ee728b)
Start importing Assets/TileTest/ExampleTiles_120.asset using Guid(9bba2379e6d441f49b17284cfb4e16e6) Importer(815301076,1909f56bfc062723c751e8b465ee728b) (PreviewImporter) -> (artifact id: '2994e7ca7c6b9bc617c48956edb841d9') in 0.0318833 seconds
Number of updated asset objects reloaded before import = 0Number of asset objects unloaded after import = 3

========================================================================
Received Import Request.
  Time since last request: 0.000031 seconds.
  path: Assets/TileTest/ExampleTiles_122.asset
  artifactKey: Guid(b72c8c4c23b29e34fb23cfc7fc8ff6cb) Importer(815301076,1909f56bfc062723c751e8b465ee728b)
Start importing Assets/TileTest/ExampleTiles_122.asset using Guid(b72c8c4c23b29e34fb23cfc7fc8ff6cb) Importer(815301076,1909f56bfc062723c751e8b465ee728b) (PreviewImporter) -> (artifact id: '0b0820156a7a98de4a84e4dc19248a6a') in 0.0079819 seconds
Number of updated asset objects reloaded before import = 0Number of asset objects unloaded after import = 3

========================================================================
Received Import Request.
  Time since last request: 0.012596 seconds.
  path: Assets/TileTest/ExampleTiles_123.asset
  artifactKey: Guid(ed7c24321524ca340b8112c76f9e5c6d) Importer(815301076,1909f56bfc062723c751e8b465ee728b)
Start importing Assets/TileTest/ExampleTiles_123.asset using Guid(ed7c24321524ca340b8112c76f9e5c6d) Importer(815301076,1909f56bfc062723c751e8b465ee728b) (PreviewImporter) -> (artifact id: 'ebbb3deb7cdd94c5e4579d35a12d5710') in 0.0072539 seconds
Number of updated asset objects reloaded before import = 0Number of asset objects unloaded after import = 3

========================================================================
Received Import Request.
  Time since last request: 0.064914 seconds.
  path: Assets/TileMap/ExampleTiles_124.asset
  artifactKey: Guid(076010dfeba419d4494bf666bd296647) Importer(815301076,1909f56bfc062723c751e8b465ee728b)
Start importing Assets/TileMap/ExampleTiles_124.asset using Guid(076010dfeba419d4494bf666bd296647) Importer(815301076,1909f56bfc062723c751e8b465ee728b) (PreviewImporter) -> (artifact id: '257cfda1aafffa9420eb34453cd379cb') in 0.0082074 seconds
Number of updated asset objects reloaded before import = 0Number of asset objects unloaded after import = 3

========================================================================
Received Import Request.
  Time since last request: 0.205085 seconds.
  path: Assets/TileTest/ExampleTiles_125.asset
  artifactKey: Guid(a3b2ab87b2baa4a4cbeef75b6311c1bf) Importer(815301076,1909f56bfc062723c751e8b465ee728b)
Start importing Assets/TileTest/ExampleTiles_125.asset using Guid(a3b2ab87b2baa4a4cbeef75b6311c1bf) Importer(815301076,1909f56bfc062723c751e8b465ee728b) (PreviewImporter) -> (artifact id: '1d6be71446be84c70b2acb1b98936016') in 0.0090274 seconds
Number of updated asset objects reloaded before import = 0Number of asset objects unloaded after import = 3

========================================================================
Received Import Request.
  Time since last request: 0.073233 seconds.
  path: Assets/TileTest/ExampleTiles_126.asset
  artifactKey: Guid(d7ff251f63dda0b45b72c1f340d0796f) Importer(815301076,1909f56bfc062723c751e8b465ee728b)
Start importing Assets/TileTest/ExampleTiles_126.asset using Guid(d7ff251f63dda0b45b72c1f340d0796f) Importer(815301076,1909f56bfc062723c751e8b465ee728b) (PreviewImporter) -> (artifact id: 'ad8115103101ce4547525fa3fa036689') in 0.0087525 seconds
Number of updated asset objects reloaded before import = 0Number of asset objects unloaded after import = 3

========================================================================
Received Import Request.
  Time since last request: 0.064237 seconds.
  path: Assets/TileMap/ExampleTiles_127.asset
  artifactKey: Guid(7e241b8f9c079fb4fad76db95510e420) Importer(815301076,1909f56bfc062723c751e8b465ee728b)
Start importing Assets/TileMap/ExampleTiles_127.asset using Guid(7e241b8f9c079fb4fad76db95510e420) Importer(815301076,1909f56bfc062723c751e8b465ee728b) (PreviewImporter) -> (artifact id: 'e4e227d70502488ebbf29380340a552d') in 0.0094034 seconds
Number of updated asset objects reloaded before import = 0Number of asset objects unloaded after import = 3

========================================================================
Received Import Request.
  Time since last request: 0.268069 seconds.
  path: Assets/TileMap/ExampleTiles_128.asset
  artifactKey: Guid(b138bdfb782f6f94f90e2877f65dfa1e) Importer(815301076,1909f56bfc062723c751e8b465ee728b)
Start importing Assets/TileMap/ExampleTiles_128.asset using Guid(b138bdfb782f6f94f90e2877f65dfa1e) Importer(815301076,1909f56bfc062723c751e8b465ee728b) (PreviewImporter) -> (artifact id: '1aa0bd1804b9868f3aba801ce15ace9b') in 0.0084766 seconds
Number of updated asset objects reloaded before import = 0Number of asset objects unloaded after import = 3

========================================================================
Received Import Request.
  Time since last request: 0.048339 seconds.
  path: Assets/TileMap/Tileset_0.asset
  artifactKey: Guid(f06d6190bbb115a4e89e8986c078497d) Importer(815301076,1909f56bfc062723c751e8b465ee728b)
Start importing Assets/TileMap/Tileset_0.asset using Guid(f06d6190bbb115a4e89e8986c078497d) Importer(815301076,1909f56bfc062723c751e8b465ee728b) (PreviewImporter) -> (artifact id: '8e152b07f4e27d1386386d6165104d92') in 0.0436155 seconds
Number of updated asset objects reloaded before import = 0Number of asset objects unloaded after import = 3

========================================================================
Received Import Request.
  Time since last request: 0.097424 seconds.
  path: Assets/TileTest/Tileset_1.asset
  artifactKey: Guid(710c2f6e1dd98984d9207c69d8b18f66) Importer(815301076,1909f56bfc062723c751e8b465ee728b)
Start importing Assets/TileTest/Tileset_1.asset using Guid(710c2f6e1dd98984d9207c69d8b18f66) Importer(815301076,1909f56bfc062723c751e8b465ee728b) (PreviewImporter) -> (artifact id: 'a0325846e256d0abe61004512e3b88da') in 0.0065412 seconds
Number of updated asset objects reloaded before import = 0Number of asset objects unloaded after import = 3

========================================================================
Received Import Request.
  Time since last request: 0.000020 seconds.
  path: Assets/TileMap/Tileset_2.asset
  artifactKey: Guid(610b877a33162b243b9187e91602f9af) Importer(815301076,1909f56bfc062723c751e8b465ee728b)
Start importing Assets/TileMap/Tileset_2.asset using Guid(610b877a33162b243b9187e91602f9af) Importer(815301076,1909f56bfc062723c751e8b465ee728b) (PreviewImporter) -> (artifact id: '8e7b85bcbba704cedf50868deb5987d4') in 0.0128679 seconds
Number of updated asset objects reloaded before import = 0Number of asset objects unloaded after import = 3

========================================================================
Received Import Request.
  Time since last request: 0.117873 seconds.
  path: Assets/TileMap/Tileset_2 1.asset
  artifactKey: Guid(f3b2f586ba1947a4f88bcaa6419f3af3) Importer(815301076,1909f56bfc062723c751e8b465ee728b)
Start importing Assets/TileMap/Tileset_2 1.asset using Guid(f3b2f586ba1947a4f88bcaa6419f3af3) Importer(815301076,1909f56bfc062723c751e8b465ee728b) (PreviewImporter) -> (artifact id: 'e6eaa608f76eaeafc560ebed7dee57a7') in 0.0084175 seconds
Number of updated asset objects reloaded before import = 0Number of asset objects unloaded after import = 3

========================================================================
Received Import Request.
  Time since last request: 0.301906 seconds.
  path: Assets/TileMap/Tileset_3.asset
  artifactKey: Guid(bf1f9b9fd03088a4cb691ce1217bf8d0) Importer(815301076,1909f56bfc062723c751e8b465ee728b)
Start importing Assets/TileMap/Tileset_3.asset using Guid(bf1f9b9fd03088a4cb691ce1217bf8d0) Importer(815301076,1909f56bfc062723c751e8b465ee728b) (PreviewImporter) -> (artifact id: '2e159f86383a2fddd4a5721e73b46d4e') in 0.0123416 seconds
Number of updated asset objects reloaded before import = 0Number of asset objects unloaded after import = 3

========================================================================
Received Import Request.
  Time since last request: 0.016463 seconds.
  path: Assets/TileMap/Tileset_4 1.asset
  artifactKey: Guid(5a794ba117a8cc24f9709f88c48eb221) Importer(815301076,1909f56bfc062723c751e8b465ee728b)
Start importing Assets/TileMap/Tileset_4 1.asset using Guid(5a794ba117a8cc24f9709f88c48eb221) Importer(815301076,1909f56bfc062723c751e8b465ee728b) (PreviewImporter) -> (artifact id: 'bc9387b569923de1d25972a89a4165c7') in 0.0490441 seconds
Number of updated asset objects reloaded before import = 0Number of asset objects unloaded after import = 3

========================================================================
Received Import Request.
  Time since last request: 0.000040 seconds.
  path: Assets/TileMap/Tileset_6.asset
  artifactKey: Guid(b26fdd6cad672b34f85636a894b63a90) Importer(815301076,1909f56bfc062723c751e8b465ee728b)
Start importing Assets/TileMap/Tileset_6.asset using Guid(b26fdd6cad672b34f85636a894b63a90) Importer(815301076,1909f56bfc062723c751e8b465ee728b) (PreviewImporter) -> (artifact id: 'bdb2b113cb0dd3d0d8688f409ebbbad7') in 0.0205237 seconds
Number of updated asset objects reloaded before import = 0Number of asset objects unloaded after import = 3

========================================================================
Received Import Request.
  Time since last request: 0.000040 seconds.
  path: Assets/TileMap/Tileset_7 1.asset
  artifactKey: Guid(c7e841b522e3f164da7b6233ad04cd94) Importer(815301076,1909f56bfc062723c751e8b465ee728b)
Start importing Assets/TileMap/Tileset_7 1.asset using Guid(c7e841b522e3f164da7b6233ad04cd94) Importer(815301076,1909f56bfc062723c751e8b465ee728b) (PreviewImporter) -> (artifact id: '19e843471cb390dfb20aa0453e5b7cef') in 0.0081166 seconds
Number of updated asset objects reloaded before import = 0Number of asset objects unloaded after import = 3

========================================================================
Received Import Request.
  Time since last request: 0.000021 seconds.
  path: Assets/TileMap/Tileset_11.asset
  artifactKey: Guid(344d4f8ef1df4cd439a4df207bd5a297) Importer(815301076,1909f56bfc062723c751e8b465ee728b)
Start importing Assets/TileMap/Tileset_11.asset using Guid(344d4f8ef1df4cd439a4df207bd5a297) Importer(815301076,1909f56bfc062723c751e8b465ee728b) (PreviewImporter) -> (artifact id: 'e14158bf46b7c4db875a1148004ed5c1') in 0.0054594 seconds
Number of updated asset objects reloaded before import = 0Number of asset objects unloaded after import = 3

========================================================================
Received Import Request.
  Time since last request: 0.000024 seconds.
  path: Assets/TileTest/Tileset_14.asset
  artifactKey: Guid(087b61074a799c547b5896af329faa19) Importer(815301076,1909f56bfc062723c751e8b465ee728b)
Start importing Assets/TileTest/Tileset_14.asset using Guid(087b61074a799c547b5896af329faa19) Importer(815301076,1909f56bfc062723c751e8b465ee728b) (PreviewImporter) -> (artifact id: 'ea56ec1c3a191f87cdfa89e5db9315ab') in 0.0074731 seconds
Number of updated asset objects reloaded before import = 0Number of asset objects unloaded after import = 3

========================================================================
Received Import Request.
  Time since last request: 0.000081 seconds.
  path: Assets/TileMap/Tileset_16.asset
  artifactKey: Guid(bc8113bbf3571ef4cbc9a7b1b00b49b4) Importer(815301076,1909f56bfc062723c751e8b465ee728b)
Start importing Assets/TileMap/Tileset_16.asset using Guid(bc8113bbf3571ef4cbc9a7b1b00b49b4) Importer(815301076,1909f56bfc062723c751e8b465ee728b) (PreviewImporter) -> (artifact id: '30e7ce89188dbc395886c6fcdc3a259a') in 0.0108773 seconds
Number of updated asset objects reloaded before import = 0Number of asset objects unloaded after import = 3

========================================================================
Received Import Request.
  Time since last request: 0.000024 seconds.
  path: Assets/TileTest/Tileset_13.asset
  artifactKey: Guid(f98cf6948256a2448a3c51e3abb4dfc4) Importer(815301076,1909f56bfc062723c751e8b465ee728b)
Start importing Assets/TileTest/Tileset_13.asset using Guid(f98cf6948256a2448a3c51e3abb4dfc4) Importer(815301076,1909f56bfc062723c751e8b465ee728b) (PreviewImporter) -> (artifact id: 'f01c6e332339533f1f24875350d77ca0') in 0.0393221 seconds
Number of updated asset objects reloaded before import = 0Number of asset objects unloaded after import = 3

========================================================================
Received Import Request.
  Time since last request: 0.000024 seconds.
  path: Assets/TileMap/Tileset_6 1.asset
  artifactKey: Guid(a5491be5c8e93aa49945113a138b2f88) Importer(815301076,1909f56bfc062723c751e8b465ee728b)
Start importing Assets/TileMap/Tileset_6 1.asset using Guid(a5491be5c8e93aa49945113a138b2f88) Importer(815301076,1909f56bfc062723c751e8b465ee728b) (PreviewImporter) -> (artifact id: '72f98dd039c9afbbffc984d3763b3b0d') in 0.0130231 seconds
Number of updated asset objects reloaded before import = 0Number of asset objects unloaded after import = 3

========================================================================
Received Import Request.
  Time since last request: 0.000033 seconds.
  path: Assets/TileMap/Tileset_13.asset
  artifactKey: Guid(796c2b74f38d0ed4caee74886158feae) Importer(815301076,1909f56bfc062723c751e8b465ee728b)
Start importing Assets/TileMap/Tileset_13.asset using Guid(796c2b74f38d0ed4caee74886158feae) Importer(815301076,1909f56bfc062723c751e8b465ee728b) (PreviewImporter) -> (artifact id: '9fc42f339c43405170477970bc53cbb0') in 0.0085181 seconds
Number of updated asset objects reloaded before import = 0Number of asset objects unloaded after import = 3

Editor requested this worker to shutdown with reason: Scaling down because of idle timeout
AssetImportWorkerClient::OnTransportError - code=2 error=End of file
AssetImportWorker is now disconnected from the server
Process exiting
Exiting without the bug reporter. Application will terminate with return code 0