Using pre-set license
Built from '6000.0/staging' branch; Version is '6000.0.47f1 (2ad1ed33fd3b) revision 2806253'; Using compiler version '193933523'; Build Type 'Release'
OS: 'Windows 10  (10.0.19045) 64bit Professional' Language: 'en' Physical Memory: 8153 MB
BatchMode: 1, IsHumanControllingUs: 0, StartBugReporterOnCrash: 0, Is64bit: 1, IsPro: 1

COMMAND LINE ARGUMENTS:
C:\Program Files\Unity\Hub\Editor\6000.0.47f1\Editor\Unity.exe
-adb2
-batchMode
-noUpm
-name
AssetImportWorker0
-projectPath
D:/!Github/Fight_Game_final
-logFile
Logs/AssetImportWorker0.log
-srvPort
56810
-job-worker-count
1
-background-job-worker-count
8
-gc-helper-count
1
Successfully changed project path to: D:/!Github/Fight_Game_final
D:/!Github/Fight_Game_final
[UnityMemory] Configuration Parameters - Can be set up in boot.config
    "memorysetup-bucket-allocator-granularity=16"
    "memorysetup-bucket-allocator-bucket-count=8"
    "memorysetup-bucket-allocator-block-size=33554432"
    "memorysetup-bucket-allocator-block-count=8"
    "memorysetup-main-allocator-block-size=16777216"
    "memorysetup-thread-allocator-block-size=16777216"
    "memorysetup-gfx-main-allocator-block-size=16777216"
    "memorysetup-gfx-thread-allocator-block-size=16777216"
    "memorysetup-cache-allocator-block-size=4194304"
    "memorysetup-typetree-allocator-block-size=2097152"
    "memorysetup-profiler-bucket-allocator-granularity=16"
    "memorysetup-profiler-bucket-allocator-bucket-count=8"
    "memorysetup-profiler-bucket-allocator-block-size=33554432"
    "memorysetup-profiler-bucket-allocator-block-count=8"
    "memorysetup-profiler-allocator-block-size=16777216"
    "memorysetup-profiler-editor-allocator-block-size=1048576"
    "memorysetup-temp-allocator-size-main=16777216"
    "memorysetup-job-temp-allocator-block-size=2097152"
    "memorysetup-job-temp-allocator-block-size-background=1048576"
    "memorysetup-job-temp-allocator-reduction-small-platforms=262144"
    "memorysetup-allocator-temp-initial-block-size-main=262144"
    "memorysetup-allocator-temp-initial-block-size-worker=262144"
    "memorysetup-temp-allocator-size-background-worker=32768"
    "memorysetup-temp-allocator-size-job-worker=262144"
    "memorysetup-temp-allocator-size-preload-manager=33554432"
    "memorysetup-temp-allocator-size-nav-mesh-worker=65536"
    "memorysetup-temp-allocator-size-audio-worker=65536"
    "memorysetup-temp-allocator-size-cloud-worker=32768"
    "memorysetup-temp-allocator-size-gi-baking-worker=262144"
    "memorysetup-temp-allocator-size-gi-baking-worker=262144"
    "memorysetup-temp-allocator-size-gi-baking-worker=262144"
    "memorysetup-temp-allocator-size-gi-baking-worker=262144"
    "memorysetup-temp-allocator-size-gi-baking-worker=262144"
    "memorysetup-temp-allocator-size-gfx=262144"
Player connection [3420]  Target information:

Player connection [3420]  * "[IP] 192.168.1.9 [Port] 0 [Flags] 2 [Guid] 3479668706 [EditorId] 3479668706 [Version] 1048832 [Id] WindowsEditor(7,DESKTOP-R83HGA5) [Debug] 1 [PackageName] WindowsEditor [ProjectName] Editor" 

Player connection [3420]  * "[IP] 172.23.208.1 [Port] 0 [Flags] 2 [Guid] 3479668706 [EditorId] 3479668706 [Version] 1048832 [Id] WindowsEditor(7,DESKTOP-R83HGA5) [Debug] 1 [PackageName] WindowsEditor [ProjectName] Editor" 

Player connection [3420] Host joined multi-casting on [225.0.0.222:54997]...
Player connection [3420] Host joined alternative multi-casting on [225.0.0.222:34997]...
JobSystem: Creating JobQueue using job-worker-count value 1
Input System module state changed to: Initialized.
[Physics::Module] Initialized fallback backend.
[Physics::Module] Id: 0xdecafbad
Library Redirect Path: Library/
[Physics::Module] Selected backend.
[Physics::Module] Name: PhysX
[Physics::Module] Id: 0xf2b8ea05
[Physics::Module] SDK Version: 4.1.2
[Physics::Module] Integration Version: 1.0.0
[Physics::Module] Threading Mode: Multi-Threaded
Refreshing native plugins compatible for Editor in 6.77 ms, found 4 plugins.
Preloading 0 native plugins for Editor in 0.00 ms.
Initialize engine version: 6000.0.47f1 (2ad1ed33fd3b)
[Subsystems] Discovering subsystems at path C:/Program Files/Unity/Hub/Editor/6000.0.47f1/Editor/Data/Resources/UnitySubsystems
[Subsystems] Discovering subsystems at path D:/!Github/Fight_Game_final/Assets
GfxDevice: creating device client; kGfxThreadingModeNonThreaded
Direct3D:
    Version:  Direct3D 11.0 [level 11.1]
    Renderer: NVIDIA GeForce GTX 1060 6GB (ID=0x1c03)
    Vendor:   NVIDIA
    VRAM:     6029 MB
    Driver:   32.0.15.6636
Initialize mono
Mono path[0] = 'C:/Program Files/Unity/Hub/Editor/6000.0.47f1/Editor/Data/Managed'
Mono path[1] = 'C:/Program Files/Unity/Hub/Editor/6000.0.47f1/Editor/Data/MonoBleedingEdge/lib/mono/unityjit-win32'
Mono config path = 'C:/Program Files/Unity/Hub/Editor/6000.0.47f1/Editor/Data/MonoBleedingEdge/etc'
Using monoOptions --debugger-agent=transport=dt_socket,embedding=1,server=y,suspend=n,address=127.0.0.1:56548
Begin MonoManager ReloadAssembly
Registering precompiled unity dll's ...
Register platform support module: C:/Program Files/Unity/Hub/Editor/6000.0.47f1/Editor/Data/PlaybackEngines/WebGLSupport/UnityEditor.WebGL.Extensions.dll
Register platform support module: C:/Program Files/Unity/Hub/Editor/6000.0.47f1/Editor/Data/PlaybackEngines/WindowsStandaloneSupport/UnityEditor.WindowsStandalone.Extensions.dll
Registered in 0.015873 seconds.
- Loaded All Assemblies, in  1.247 seconds
Native extension for WindowsStandalone target not found
Native extension for WebGL target not found
Mono: successfully reloaded assembly
- Finished resetting the current domain, in  1.398 seconds
Domain Reload Profiling: 2639ms
	BeginReloadAssembly (418ms)
		ExecutionOrderSort (0ms)
		DisableScriptedObjects (0ms)
		BackupInstance (0ms)
		ReleaseScriptingObjects (0ms)
		CreateAndSetChildDomain (3ms)
	RebuildCommonClasses (117ms)
	RebuildNativeTypeToScriptingClass (31ms)
	initialDomainReloadingComplete (176ms)
	LoadAllAssembliesAndSetupDomain (499ms)
		LoadAssemblies (409ms)
		RebuildTransferFunctionScriptingTraits (0ms)
		AnalyzeDomain (489ms)
			TypeCache.Refresh (486ms)
				TypeCache.ScanAssembly (437ms)
			BuildScriptInfoCaches (0ms)
			ResolveRequiredComponents (1ms)
	FinalizeReload (1400ms)
		ReleaseScriptCaches (0ms)
		RebuildScriptCaches (0ms)
		SetupLoadedEditorAssemblies (1060ms)
			LogAssemblyErrors (0ms)
			InitializePlatformSupportModulesInManaged (106ms)
			SetLoadedEditorAssemblies (22ms)
			BeforeProcessingInitializeOnLoad (134ms)
			ProcessInitializeOnLoadAttributes (587ms)
			ProcessInitializeOnLoadMethodAttributes (211ms)
			AfterProcessingInitializeOnLoad (0ms)
			EditorAssembliesLoaded (0ms)
		ExecutionOrderSort2 (0ms)
		AwakeInstancesAfterBackupRestoration (0ms)
Assembly reference Packages/com.unity.cinemachine/Editor/Samples/ExposeHDRPInternals/HDRP-Editor-ref.asmref has no target assembly definition
========================================================================
Worker process is ready to serve import requests
Import Worker Mode flag is 0x00
Assembly reference Packages/com.unity.cinemachine/Editor/Samples/ExposeHDRPInternals/HDRP-Editor-ref.asmref has no target assembly definition
Assembly reference Packages/com.unity.cinemachine/Editor/Samples/ExposeHDRPInternals/HDRP-Editor-ref.asmref has no target assembly definition
Begin MonoManager ReloadAssembly
- Loaded All Assemblies, in  1.475 seconds
Assembly reference Packages/com.unity.cinemachine/Editor/Samples/ExposeHDRPInternals/HDRP-Editor-ref.asmref has no target assembly definition
'Packages/com.unity.cinemachine/Editor/Obsolete/CinemachineVirtualCameraBaseEditor.cs' contains partial class of Unity.Object, exactly 1 of the partial classes needs to be in a file with the same filename. This is to know the one that can be referenced from ie. GameObjects
'Packages/com.unity.cinemachine/Editor/Editors/CinemachineVirtualCameraBaseEditor.cs' contains partial class of Unity.Object, exactly 1 of the partial classes needs to be in a file with the same filename. This is to know the one that can be referenced from ie. GameObjects
Refreshing native plugins compatible for Editor in 2.61 ms, found 4 plugins.
Native extension for WindowsStandalone target not found
Native extension for WebGL target not found
Assembly reference Packages/com.unity.cinemachine/Editor/Samples/ExposeHDRPInternals/HDRP-Editor-ref.asmref has no target assembly definition
Package Manager log level set to [2]
[Package Manager] Failed to launch server process. Reason: Unity was launched with the -noUpm command-line argument
[Package Manager] Unable to send message (not connected to server process).
[Package Manager] Cannot connect to Unity Package Manager local server
Mono: successfully reloaded assembly
- Finished resetting the current domain, in  4.553 seconds
Domain Reload Profiling: 6023ms
	BeginReloadAssembly (283ms)
		ExecutionOrderSort (0ms)
		DisableScriptedObjects (9ms)
		BackupInstance (0ms)
		ReleaseScriptingObjects (0ms)
		CreateAndSetChildDomain (46ms)
	RebuildCommonClasses (56ms)
	RebuildNativeTypeToScriptingClass (21ms)
	initialDomainReloadingComplete (63ms)
	LoadAllAssembliesAndSetupDomain (1045ms)
		LoadAssemblies (728ms)
		RebuildTransferFunctionScriptingTraits (0ms)
		AnalyzeDomain (487ms)
			TypeCache.Refresh (336ms)
				TypeCache.ScanAssembly (306ms)
			BuildScriptInfoCaches (122ms)
			ResolveRequiredComponents (25ms)
	FinalizeReload (4554ms)
		ReleaseScriptCaches (0ms)
		RebuildScriptCaches (0ms)
		SetupLoadedEditorAssemblies (2446ms)
			LogAssemblyErrors (0ms)
			InitializePlatformSupportModulesInManaged (4ms)
			SetLoadedEditorAssemblies (10ms)
			BeforeProcessingInitializeOnLoad (268ms)
			ProcessInitializeOnLoadAttributes (668ms)
			ProcessInitializeOnLoadMethodAttributes (1483ms)
			AfterProcessingInitializeOnLoad (13ms)
			EditorAssembliesLoaded (0ms)
		ExecutionOrderSort2 (0ms)
		AwakeInstancesAfterBackupRestoration (12ms)
Launched and connected shader compiler UnityShaderCompiler.exe after 0.26 seconds
Refreshing native plugins compatible for Editor in 1.87 ms, found 4 plugins.
Preloading 0 native plugins for Editor in 0.00 ms.
Unloading 208 Unused Serialized files (Serialized files now loaded: 0)
Unloading 6994 unused Assets / (7.5 MB). Loaded Objects now: 7614.
Memory consumption went from 165.6 MB to 158.0 MB.
Total: 20.950400 ms (FindLiveObjects: 2.424500 ms CreateObjectMapping: 2.420300 ms MarkObjects: 9.108700 ms  DeleteObjects: 6.992900 ms)

========================================================================
Received Import Request.
  Time since last request: 11818.511881 seconds.
  path: Assets/Prefabs/Enemy1.prefab
  artifactKey: Guid(4b11ff3b909fc3f49ba898a57176383f) Importer(815301076,1909f56bfc062723c751e8b465ee728b)
Start importing Assets/Prefabs/Enemy1.prefab using Guid(4b11ff3b909fc3f49ba898a57176383f) Importer(815301076,1909f56bfc062723c751e8b465ee728b) (PreviewImporter) -> (artifact id: '2287e84381f23a4c6fec6744466e3e9f') in 2.2712934 seconds
Number of updated asset objects reloaded before import = 0Number of asset objects unloaded after import = 59

========================================================================
Received Import Request.
  Time since last request: 0.000120 seconds.
  path: Assets/TileMap/Tile.prefab
  artifactKey: Guid(83d49d3b7b554e141a2385859588e776) Importer(815301076,1909f56bfc062723c751e8b465ee728b)
Start importing Assets/TileMap/Tile.prefab using Guid(83d49d3b7b554e141a2385859588e776) Importer(815301076,1909f56bfc062723c751e8b465ee728b) (PreviewImporter) -> (artifact id: 'bf19d5d7a37766c804b4246054074a0e') in 1.0761262 seconds
Number of updated asset objects reloaded before import = 0Number of asset objects unloaded after import = 374

========================================================================
Received Import Request.
  Time since last request: 335.470515 seconds.
  path: Assets/TileMap/ExampleTiles_90.asset
  artifactKey: Guid(dea6fa297dd661448a185388a67096f2) Importer(815301076,1909f56bfc062723c751e8b465ee728b)
Start importing Assets/TileMap/ExampleTiles_90.asset using Guid(dea6fa297dd661448a185388a67096f2) Importer(815301076,1909f56bfc062723c751e8b465ee728b) (PreviewImporter) -> (artifact id: '3ab4f6454984caaa4f606ab0e7002ab2') in 0.2918112 seconds
Number of updated asset objects reloaded before import = 0Number of asset objects unloaded after import = 3

========================================================================
Received Import Request.
  Time since last request: 0.000075 seconds.
  path: Assets/TileTest/ExampleTiles_90.asset
  artifactKey: Guid(8b89293776ee68247b698f319eedb92f) Importer(815301076,1909f56bfc062723c751e8b465ee728b)
Start importing Assets/TileTest/ExampleTiles_90.asset using Guid(8b89293776ee68247b698f319eedb92f) Importer(815301076,1909f56bfc062723c751e8b465ee728b) (PreviewImporter) -> (artifact id: 'fd636e3a2c96a8126ef76f48cf4f4cbc') in 0.0191219 seconds
Number of updated asset objects reloaded before import = 0Number of asset objects unloaded after import = 3

========================================================================
Received Import Request.
  Time since last request: 0.000053 seconds.
  path: Assets/TileTest/ExampleTiles_93.asset
  artifactKey: Guid(a741c686d9faffc4694b8b099eaab138) Importer(815301076,1909f56bfc062723c751e8b465ee728b)
Start importing Assets/TileTest/ExampleTiles_93.asset using Guid(a741c686d9faffc4694b8b099eaab138) Importer(815301076,1909f56bfc062723c751e8b465ee728b) (PreviewImporter) -> (artifact id: '4752f089dcea3af805191aea95e1ae42') in 0.0077825 seconds
Number of updated asset objects reloaded before import = 0Number of asset objects unloaded after import = 3

========================================================================
Received Import Request.
  Time since last request: 0.000085 seconds.
  path: Assets/TileMap/ExampleTiles_92.asset
  artifactKey: Guid(e9c6a80d4016da54191e0c08abef448c) Importer(815301076,1909f56bfc062723c751e8b465ee728b)
Start importing Assets/TileMap/ExampleTiles_92.asset using Guid(e9c6a80d4016da54191e0c08abef448c) Importer(815301076,1909f56bfc062723c751e8b465ee728b) (PreviewImporter) -> (artifact id: 'c023936ed51620d62f054dde982b9d69') in 0.0093546 seconds
Number of updated asset objects reloaded before import = 0Number of asset objects unloaded after import = 3

========================================================================
Received Import Request.
  Time since last request: 19.615178 seconds.
  path: Assets/TileTest/ExampleTiles_96.asset
  artifactKey: Guid(b3b77b32c928f8842a0b850fd0942383) Importer(815301076,1909f56bfc062723c751e8b465ee728b)
Start importing Assets/TileTest/ExampleTiles_96.asset using Guid(b3b77b32c928f8842a0b850fd0942383) Importer(815301076,1909f56bfc062723c751e8b465ee728b) (PreviewImporter) -> (artifact id: 'a2afbd77a0391815e2a47170a30f0a89') in 0.0439702 seconds
Number of updated asset objects reloaded before import = 0Number of asset objects unloaded after import = 3

========================================================================
Received Import Request.
  Time since last request: 0.000035 seconds.
  path: Assets/TileMap/ExampleTiles_98.asset
  artifactKey: Guid(980400b23b2ca0c4bb625d0c2fbb1288) Importer(815301076,1909f56bfc062723c751e8b465ee728b)
Start importing Assets/TileMap/ExampleTiles_98.asset using Guid(980400b23b2ca0c4bb625d0c2fbb1288) Importer(815301076,1909f56bfc062723c751e8b465ee728b) (PreviewImporter) -> (artifact id: '0f8c524e8c283e93b1f0340faa9a71e0') in 0.011741 seconds
Number of updated asset objects reloaded before import = 0Number of asset objects unloaded after import = 3

========================================================================
Received Import Request.
  Time since last request: 0.000039 seconds.
  path: Assets/TileMap/ExampleTiles_99.asset
  artifactKey: Guid(a82d9a9f8a7726442bdfbcecb7da6203) Importer(815301076,1909f56bfc062723c751e8b465ee728b)
Start importing Assets/TileMap/ExampleTiles_99.asset using Guid(a82d9a9f8a7726442bdfbcecb7da6203) Importer(815301076,1909f56bfc062723c751e8b465ee728b) (PreviewImporter) -> (artifact id: 'e26cbda6f68d2c80c03630ab56c000a8') in 0.0088472 seconds
Number of updated asset objects reloaded before import = 0Number of asset objects unloaded after import = 3

========================================================================
Received Import Request.
  Time since last request: 0.000066 seconds.
  path: Assets/TileMap/ExampleTiles_102.asset
  artifactKey: Guid(2dfd23f7e7f88c64abf045d84f0e1d86) Importer(815301076,1909f56bfc062723c751e8b465ee728b)
Start importing Assets/TileMap/ExampleTiles_102.asset using Guid(2dfd23f7e7f88c64abf045d84f0e1d86) Importer(815301076,1909f56bfc062723c751e8b465ee728b) (PreviewImporter) -> (artifact id: '9cec3b8284bfa8548c06f26ec8722dd3') in 0.0582396 seconds
Number of updated asset objects reloaded before import = 0Number of asset objects unloaded after import = 3

========================================================================
Received Import Request.
  Time since last request: 0.000038 seconds.
  path: Assets/TileTest/ExampleTiles_102.asset
  artifactKey: Guid(3c1f60a314e3249489c76b4a5ba296eb) Importer(815301076,1909f56bfc062723c751e8b465ee728b)
Start importing Assets/TileTest/ExampleTiles_102.asset using Guid(3c1f60a314e3249489c76b4a5ba296eb) Importer(815301076,1909f56bfc062723c751e8b465ee728b) (PreviewImporter) -> (artifact id: '6cc8f74d928545ca95312827ce5f9eaf') in 0.008669 seconds
Number of updated asset objects reloaded before import = 0Number of asset objects unloaded after import = 3

========================================================================
Received Import Request.
  Time since last request: 40.714499 seconds.
  path: Assets/TileTest/ExampleTiles_71.asset
  artifactKey: Guid(aabf557732e2206498a274477e572f06) Importer(815301076,1909f56bfc062723c751e8b465ee728b)
Start importing Assets/TileTest/ExampleTiles_71.asset using Guid(aabf557732e2206498a274477e572f06) Importer(815301076,1909f56bfc062723c751e8b465ee728b) (PreviewImporter) -> (artifact id: 'bb36723ef5892047a0238ed0ad7a411c') in 0.018864 seconds
Number of updated asset objects reloaded before import = 0Number of asset objects unloaded after import = 3

========================================================================
Received Import Request.
  Time since last request: 0.000030 seconds.
  path: Assets/TileMap/ExampleTiles_72.asset
  artifactKey: Guid(b4719fe8c7366684596e4aab6deebae4) Importer(815301076,1909f56bfc062723c751e8b465ee728b)
Start importing Assets/TileMap/ExampleTiles_72.asset using Guid(b4719fe8c7366684596e4aab6deebae4) Importer(815301076,1909f56bfc062723c751e8b465ee728b) (PreviewImporter) -> (artifact id: '66109b1e754dc7a07f5f5c07583e0ded') in 0.0056812 seconds
Number of updated asset objects reloaded before import = 0Number of asset objects unloaded after import = 3

========================================================================
Received Import Request.
  Time since last request: 0.000040 seconds.
  path: Assets/TileMap/ExampleTiles_106.asset
  artifactKey: Guid(4c0b7ecf499eec141a981c8ba291fdd5) Importer(815301076,1909f56bfc062723c751e8b465ee728b)
Start importing Assets/TileMap/ExampleTiles_106.asset using Guid(4c0b7ecf499eec141a981c8ba291fdd5) Importer(815301076,1909f56bfc062723c751e8b465ee728b) (PreviewImporter) -> (artifact id: '43bc20632a240048ed7d74b2551873fa') in 0.0099931 seconds
Number of updated asset objects reloaded before import = 0Number of asset objects unloaded after import = 3

========================================================================
Received Import Request.
  Time since last request: 0.000066 seconds.
  path: Assets/TileTest/ExampleTiles_117.asset
  artifactKey: Guid(1a11fe7aa3a001c48bae0be050e5965c) Importer(815301076,1909f56bfc062723c751e8b465ee728b)
Start importing Assets/TileTest/ExampleTiles_117.asset using Guid(1a11fe7aa3a001c48bae0be050e5965c) Importer(815301076,1909f56bfc062723c751e8b465ee728b) (PreviewImporter) -> (artifact id: 'd62950ef00885de1343094da81e251fe') in 0.0199724 seconds
Number of updated asset objects reloaded before import = 0Number of asset objects unloaded after import = 3

========================================================================
Received Import Request.
  Time since last request: 0.000033 seconds.
  path: Assets/TileMap/ExampleTiles_118.asset
  artifactKey: Guid(8775d56b3f153b946b8e2cd98c6e1e69) Importer(815301076,1909f56bfc062723c751e8b465ee728b)
Start importing Assets/TileMap/ExampleTiles_118.asset using Guid(8775d56b3f153b946b8e2cd98c6e1e69) Importer(815301076,1909f56bfc062723c751e8b465ee728b) (PreviewImporter) -> (artifact id: 'b88284d845029b8e59be89d319769ce5') in 0.0208562 seconds
Number of updated asset objects reloaded before import = 0Number of asset objects unloaded after import = 3

========================================================================
Received Import Request.
  Time since last request: 0.000035 seconds.
  path: Assets/TileTest/ExampleTiles_114.asset
  artifactKey: Guid(f651a8f1e26aa8640a1ea0b5364aeb64) Importer(815301076,1909f56bfc062723c751e8b465ee728b)
Start importing Assets/TileTest/ExampleTiles_114.asset using Guid(f651a8f1e26aa8640a1ea0b5364aeb64) Importer(815301076,1909f56bfc062723c751e8b465ee728b) (PreviewImporter) -> (artifact id: '0e2f5a9427eed45a7a9213710b0dcb48') in 0.01648 seconds
Number of updated asset objects reloaded before import = 0Number of asset objects unloaded after import = 3

========================================================================
Received Import Request.
  Time since last request: 0.000054 seconds.
  path: Assets/TileMap/ExampleTiles_73.asset
  artifactKey: Guid(4a49e0dbcd6b5ee469f220da5f87531c) Importer(815301076,1909f56bfc062723c751e8b465ee728b)
Start importing Assets/TileMap/ExampleTiles_73.asset using Guid(4a49e0dbcd6b5ee469f220da5f87531c) Importer(815301076,1909f56bfc062723c751e8b465ee728b) (PreviewImporter) -> (artifact id: 'abed529160d10c65692f9bffddac530c') in 0.0292361 seconds
Number of updated asset objects reloaded before import = 0Number of asset objects unloaded after import = 3

========================================================================
Received Import Request.
  Time since last request: 1.259196 seconds.
  path: Assets/TileMap/ExampleTiles_121.asset
  artifactKey: Guid(fb270e80b2f04e74ca97e1c914182405) Importer(815301076,1909f56bfc062723c751e8b465ee728b)
Start importing Assets/TileMap/ExampleTiles_121.asset using Guid(fb270e80b2f04e74ca97e1c914182405) Importer(815301076,1909f56bfc062723c751e8b465ee728b) (PreviewImporter) -> (artifact id: 'b1d695b179ba8a39787593daac1eb9b5') in 0.0746878 seconds
Number of updated asset objects reloaded before import = 0Number of asset objects unloaded after import = 3

========================================================================
Received Import Request.
  Time since last request: 1.197108 seconds.
  path: Assets/TileMap/Tileset_0 1.asset
  artifactKey: Guid(3f28fc1fcc404654fa7e064df7abb888) Importer(815301076,1909f56bfc062723c751e8b465ee728b)
Start importing Assets/TileMap/Tileset_0 1.asset using Guid(3f28fc1fcc404654fa7e064df7abb888) Importer(815301076,1909f56bfc062723c751e8b465ee728b) (PreviewImporter) -> (artifact id: 'd4a0a8c1e0f77511ba81eaabc403b32f') in 0.0279578 seconds
Number of updated asset objects reloaded before import = 0Number of asset objects unloaded after import = 3

========================================================================
Received Import Request.
  Time since last request: 0.109175 seconds.
  path: Assets/TileTest/Tileset_2.asset
  artifactKey: Guid(59c3e60594087a74f98d4aae5457cd5c) Importer(815301076,1909f56bfc062723c751e8b465ee728b)
Start importing Assets/TileTest/Tileset_2.asset using Guid(59c3e60594087a74f98d4aae5457cd5c) Importer(815301076,1909f56bfc062723c751e8b465ee728b) (PreviewImporter) -> (artifact id: '1718a28abdd6e6b35624bc184f968dd6') in 0.0190091 seconds
Number of updated asset objects reloaded before import = 0Number of asset objects unloaded after import = 3

========================================================================
Received Import Request.
  Time since last request: 0.521975 seconds.
  path: Assets/TileTest/Tileset_4.asset
  artifactKey: Guid(f573138081f22ed4789298e9aaeae057) Importer(815301076,1909f56bfc062723c751e8b465ee728b)
Start importing Assets/TileTest/Tileset_4.asset using Guid(f573138081f22ed4789298e9aaeae057) Importer(815301076,1909f56bfc062723c751e8b465ee728b) (PreviewImporter) -> (artifact id: '7822a5b2dd69019bb837c5bd9b8693c3') in 0.0262615 seconds
Number of updated asset objects reloaded before import = 0Number of asset objects unloaded after import = 3

========================================================================
Received Import Request.
  Time since last request: 0.000039 seconds.
  path: Assets/TileMap/Tileset_5.asset
  artifactKey: Guid(7cf361b3ec2b220479c40dfbff63f81d) Importer(815301076,1909f56bfc062723c751e8b465ee728b)
Start importing Assets/TileMap/Tileset_5.asset using Guid(7cf361b3ec2b220479c40dfbff63f81d) Importer(815301076,1909f56bfc062723c751e8b465ee728b) (PreviewImporter) -> (artifact id: 'c344ecd25eda7f4d459ba4a2cc5a5fd8') in 0.0148835 seconds
Number of updated asset objects reloaded before import = 0Number of asset objects unloaded after import = 3

========================================================================
Received Import Request.
  Time since last request: 0.000041 seconds.
  path: Assets/TileMap/Tileset_7.asset
  artifactKey: Guid(2858b25bf1793644cb9290e337be4712) Importer(815301076,1909f56bfc062723c751e8b465ee728b)
Start importing Assets/TileMap/Tileset_7.asset using Guid(2858b25bf1793644cb9290e337be4712) Importer(815301076,1909f56bfc062723c751e8b465ee728b) (PreviewImporter) -> (artifact id: 'bc57e39fceb861b2bd955ca546e4e5f5') in 0.0278635 seconds
Number of updated asset objects reloaded before import = 0Number of asset objects unloaded after import = 3

========================================================================
Received Import Request.
  Time since last request: 0.000059 seconds.
  path: Assets/TileMap/Tileset_10.asset
  artifactKey: Guid(fd054a5956e50d64290fd13eb9cded14) Importer(815301076,1909f56bfc062723c751e8b465ee728b)
Start importing Assets/TileMap/Tileset_10.asset using Guid(fd054a5956e50d64290fd13eb9cded14) Importer(815301076,1909f56bfc062723c751e8b465ee728b) (PreviewImporter) -> (artifact id: '87783f5c70dbd63c5e8461d39c68df36') in 0.0542925 seconds
Number of updated asset objects reloaded before import = 0Number of asset objects unloaded after import = 3

========================================================================
Received Import Request.
  Time since last request: 0.000034 seconds.
  path: Assets/TileTest/Tileset_12.asset
  artifactKey: Guid(b3a414203f0d4e0419db0e49c8f50536) Importer(815301076,1909f56bfc062723c751e8b465ee728b)
Start importing Assets/TileTest/Tileset_12.asset using Guid(b3a414203f0d4e0419db0e49c8f50536) Importer(815301076,1909f56bfc062723c751e8b465ee728b) (PreviewImporter) -> (artifact id: 'fc02e6e8c545d30b2c705c3faf614a31') in 0.0248051 seconds
Number of updated asset objects reloaded before import = 0Number of asset objects unloaded after import = 3

========================================================================
Received Import Request.
  Time since last request: 0.000043 seconds.
  path: Assets/TileMap/Tileset_15.asset
  artifactKey: Guid(635a18a5d205e4f45b36e00048629c42) Importer(815301076,1909f56bfc062723c751e8b465ee728b)
Start importing Assets/TileMap/Tileset_15.asset using Guid(635a18a5d205e4f45b36e00048629c42) Importer(815301076,1909f56bfc062723c751e8b465ee728b) (PreviewImporter) -> (artifact id: '39b310cdbf610396aa48b177713e235a') in 0.0163585 seconds
Number of updated asset objects reloaded before import = 0Number of asset objects unloaded after import = 3

========================================================================
Received Import Request.
  Time since last request: 0.000170 seconds.
  path: Assets/TileMap/Tileset_14.asset
  artifactKey: Guid(f3f0226864f72264f8774cadb7e0abbe) Importer(815301076,1909f56bfc062723c751e8b465ee728b)
Start importing Assets/TileMap/Tileset_14.asset using Guid(f3f0226864f72264f8774cadb7e0abbe) Importer(815301076,1909f56bfc062723c751e8b465ee728b) (PreviewImporter) -> (artifact id: 'd3e92a7ae3595cb63e82380dc3d05a37') in 0.0399589 seconds
Number of updated asset objects reloaded before import = 0Number of asset objects unloaded after import = 3

========================================================================
Received Import Request.
  Time since last request: 0.000047 seconds.
  path: Assets/TileTest/Tileset_8.asset
  artifactKey: Guid(b6f13c9d21bea0c4ea6ef68c7e62a302) Importer(815301076,1909f56bfc062723c751e8b465ee728b)
Start importing Assets/TileTest/Tileset_8.asset using Guid(b6f13c9d21bea0c4ea6ef68c7e62a302) Importer(815301076,1909f56bfc062723c751e8b465ee728b) (PreviewImporter) -> (artifact id: '4fba533e34bdee376f014bcce03c1f27') in 0.0075172 seconds
Number of updated asset objects reloaded before import = 0Number of asset objects unloaded after import = 3

========================================================================
Received Import Request.
  Time since last request: 0.000037 seconds.
  path: Assets/TileTest/Tileset_7.asset
  artifactKey: Guid(fcc7634ff7c383c44b172dd70cd63fc1) Importer(815301076,1909f56bfc062723c751e8b465ee728b)
Start importing Assets/TileTest/Tileset_7.asset using Guid(fcc7634ff7c383c44b172dd70cd63fc1) Importer(815301076,1909f56bfc062723c751e8b465ee728b) (PreviewImporter) -> (artifact id: '3bda03f7142836d558adf640e5b90eb3') in 0.0097989 seconds
Number of updated asset objects reloaded before import = 0Number of asset objects unloaded after import = 3

Editor requested this worker to shutdown with reason: Scaling down because of idle timeout
AssetImportWorker is now disconnected from the server
Process exiting
Exiting without the bug reporter. Application will terminate with return code 0