Using pre-set license
Built from '6000.0/staging' branch; Version is '6000.0.47f1 (2ad1ed33fd3b) revision 2806253'; Using compiler version '193933523'; Build Type 'Release'
OS: 'Windows 10  (10.0.19045) 64bit Professional' Language: 'en' Physical Memory: 8153 MB
BatchMode: 1, IsHumanControllingUs: 0, StartBugReporterOnCrash: 0, Is64bit: 1, IsPro: 1

COMMAND LINE ARGUMENTS:
C:\Program Files\Unity\Hub\Editor\6000.0.47f1\Editor\Unity.exe
-adb2
-batchMode
-noUpm
-name
AssetImportWorker2
-projectPath
D:/!Github/Fight_Game_final
-logFile
Logs/AssetImportWorker2.log
-srvPort
56810
-job-worker-count
1
-background-job-worker-count
8
-gc-helper-count
1
Successfully changed project path to: D:/!Github/Fight_Game_final
D:/!Github/Fight_Game_final
[UnityMemory] Configuration Parameters - Can be set up in boot.config
    "memorysetup-bucket-allocator-granularity=16"
    "memorysetup-bucket-allocator-bucket-count=8"
    "memorysetup-bucket-allocator-block-size=33554432"
    "memorysetup-bucket-allocator-block-count=8"
    "memorysetup-main-allocator-block-size=16777216"
    "memorysetup-thread-allocator-block-size=16777216"
    "memorysetup-gfx-main-allocator-block-size=16777216"
    "memorysetup-gfx-thread-allocator-block-size=16777216"
    "memorysetup-cache-allocator-block-size=4194304"
    "memorysetup-typetree-allocator-block-size=2097152"
    "memorysetup-profiler-bucket-allocator-granularity=16"
    "memorysetup-profiler-bucket-allocator-bucket-count=8"
    "memorysetup-profiler-bucket-allocator-block-size=33554432"
    "memorysetup-profiler-bucket-allocator-block-count=8"
    "memorysetup-profiler-allocator-block-size=16777216"
    "memorysetup-profiler-editor-allocator-block-size=1048576"
    "memorysetup-temp-allocator-size-main=16777216"
    "memorysetup-job-temp-allocator-block-size=2097152"
    "memorysetup-job-temp-allocator-block-size-background=1048576"
    "memorysetup-job-temp-allocator-reduction-small-platforms=262144"
    "memorysetup-allocator-temp-initial-block-size-main=262144"
    "memorysetup-allocator-temp-initial-block-size-worker=262144"
    "memorysetup-temp-allocator-size-background-worker=32768"
    "memorysetup-temp-allocator-size-job-worker=262144"
    "memorysetup-temp-allocator-size-preload-manager=33554432"
    "memorysetup-temp-allocator-size-nav-mesh-worker=65536"
    "memorysetup-temp-allocator-size-audio-worker=65536"
    "memorysetup-temp-allocator-size-cloud-worker=32768"
    "memorysetup-temp-allocator-size-gi-baking-worker=262144"
    "memorysetup-temp-allocator-size-gi-baking-worker=262144"
    "memorysetup-temp-allocator-size-gi-baking-worker=262144"
    "memorysetup-temp-allocator-size-gi-baking-worker=262144"
    "memorysetup-temp-allocator-size-gi-baking-worker=262144"
    "memorysetup-temp-allocator-size-gfx=262144"
Player connection [10644]  Target information:

Player connection [10644]  * "[IP] 192.168.1.9 [Port] 0 [Flags] 2 [Guid] 3989360592 [EditorId] 3989360592 [Version] 1048832 [Id] WindowsEditor(7,DESKTOP-R83HGA5) [Debug] 1 [PackageName] WindowsEditor [ProjectName] Editor" 

Player connection [10644]  * "[IP] 172.23.208.1 [Port] 0 [Flags] 2 [Guid] 3989360592 [EditorId] 3989360592 [Version] 1048832 [Id] WindowsEditor(7,DESKTOP-R83HGA5) [Debug] 1 [PackageName] WindowsEditor [ProjectName] Editor" 

Player connection [10644] Host joined multi-casting on [225.0.0.222:54997]...
Player connection [10644] Host joined alternative multi-casting on [225.0.0.222:34997]...
JobSystem: Creating JobQueue using job-worker-count value 1
Input System module state changed to: Initialized.
[Physics::Module] Initialized fallback backend.
[Physics::Module] Id: 0xdecafbad
Library Redirect Path: Library/
[Physics::Module] Selected backend.
[Physics::Module] Name: PhysX
[Physics::Module] Id: 0xf2b8ea05
[Physics::Module] SDK Version: 4.1.2
[Physics::Module] Integration Version: 1.0.0
[Physics::Module] Threading Mode: Multi-Threaded
Refreshing native plugins compatible for Editor in 9.90 ms, found 4 plugins.
Preloading 0 native plugins for Editor in 0.00 ms.
Initialize engine version: 6000.0.47f1 (2ad1ed33fd3b)
[Subsystems] Discovering subsystems at path C:/Program Files/Unity/Hub/Editor/6000.0.47f1/Editor/Data/Resources/UnitySubsystems
[Subsystems] Discovering subsystems at path D:/!Github/Fight_Game_final/Assets
GfxDevice: creating device client; kGfxThreadingModeNonThreaded
Direct3D:
    Version:  Direct3D 11.0 [level 11.1]
    Renderer: NVIDIA GeForce GTX 1060 6GB (ID=0x1c03)
    Vendor:   NVIDIA
    VRAM:     6029 MB
    Driver:   32.0.15.6636
Initialize mono
Mono path[0] = 'C:/Program Files/Unity/Hub/Editor/6000.0.47f1/Editor/Data/Managed'
Mono path[1] = 'C:/Program Files/Unity/Hub/Editor/6000.0.47f1/Editor/Data/MonoBleedingEdge/lib/mono/unityjit-win32'
Mono config path = 'C:/Program Files/Unity/Hub/Editor/6000.0.47f1/Editor/Data/MonoBleedingEdge/etc'
Using monoOptions --debugger-agent=transport=dt_socket,embedding=1,server=y,suspend=n,address=127.0.0.1:56476
Begin MonoManager ReloadAssembly
Registering precompiled unity dll's ...
Register platform support module: C:/Program Files/Unity/Hub/Editor/6000.0.47f1/Editor/Data/PlaybackEngines/WebGLSupport/UnityEditor.WebGL.Extensions.dll
Register platform support module: C:/Program Files/Unity/Hub/Editor/6000.0.47f1/Editor/Data/PlaybackEngines/WindowsStandaloneSupport/UnityEditor.WindowsStandalone.Extensions.dll
Registered in 0.009078 seconds.
- Loaded All Assemblies, in  1.257 seconds
Native extension for WindowsStandalone target not found
Native extension for WebGL target not found
Mono: successfully reloaded assembly
- Finished resetting the current domain, in  1.558 seconds
Domain Reload Profiling: 2811ms
	BeginReloadAssembly (472ms)
		ExecutionOrderSort (0ms)
		DisableScriptedObjects (0ms)
		BackupInstance (0ms)
		ReleaseScriptingObjects (0ms)
		CreateAndSetChildDomain (4ms)
	RebuildCommonClasses (118ms)
	RebuildNativeTypeToScriptingClass (38ms)
	initialDomainReloadingComplete (134ms)
	LoadAllAssembliesAndSetupDomain (489ms)
		LoadAssemblies (464ms)
		RebuildTransferFunctionScriptingTraits (0ms)
		AnalyzeDomain (482ms)
			TypeCache.Refresh (479ms)
				TypeCache.ScanAssembly (442ms)
			BuildScriptInfoCaches (0ms)
			ResolveRequiredComponents (1ms)
	FinalizeReload (1559ms)
		ReleaseScriptCaches (0ms)
		RebuildScriptCaches (0ms)
		SetupLoadedEditorAssemblies (1315ms)
			LogAssemblyErrors (0ms)
			InitializePlatformSupportModulesInManaged (142ms)
			SetLoadedEditorAssemblies (13ms)
			BeforeProcessingInitializeOnLoad (160ms)
			ProcessInitializeOnLoadAttributes (683ms)
			ProcessInitializeOnLoadMethodAttributes (317ms)
			AfterProcessingInitializeOnLoad (0ms)
			EditorAssembliesLoaded (0ms)
		ExecutionOrderSort2 (0ms)
		AwakeInstancesAfterBackupRestoration (0ms)
Assembly reference Packages/com.unity.cinemachine/Editor/Samples/ExposeHDRPInternals/HDRP-Editor-ref.asmref has no target assembly definition
========================================================================
Worker process is ready to serve import requests
Import Worker Mode flag is 0x00
Assembly reference Packages/com.unity.cinemachine/Editor/Samples/ExposeHDRPInternals/HDRP-Editor-ref.asmref has no target assembly definition
Assembly reference Packages/com.unity.cinemachine/Editor/Samples/ExposeHDRPInternals/HDRP-Editor-ref.asmref has no target assembly definition
Begin MonoManager ReloadAssembly
- Loaded All Assemblies, in  1.492 seconds
Assembly reference Packages/com.unity.cinemachine/Editor/Samples/ExposeHDRPInternals/HDRP-Editor-ref.asmref has no target assembly definition
'Packages/com.unity.cinemachine/Editor/Obsolete/CinemachineVirtualCameraBaseEditor.cs' contains partial class of Unity.Object, exactly 1 of the partial classes needs to be in a file with the same filename. This is to know the one that can be referenced from ie. GameObjects
'Packages/com.unity.cinemachine/Editor/Editors/CinemachineVirtualCameraBaseEditor.cs' contains partial class of Unity.Object, exactly 1 of the partial classes needs to be in a file with the same filename. This is to know the one that can be referenced from ie. GameObjects
Refreshing native plugins compatible for Editor in 1.72 ms, found 4 plugins.
Native extension for WindowsStandalone target not found
Native extension for WebGL target not found
Assembly reference Packages/com.unity.cinemachine/Editor/Samples/ExposeHDRPInternals/HDRP-Editor-ref.asmref has no target assembly definition
Package Manager log level set to [2]
[Package Manager] Failed to launch server process. Reason: Unity was launched with the -noUpm command-line argument
[Package Manager] Unable to send message (not connected to server process).
[Package Manager] Cannot connect to Unity Package Manager local server
Mono: successfully reloaded assembly
- Finished resetting the current domain, in  4.513 seconds
Domain Reload Profiling: 6000ms
	BeginReloadAssembly (287ms)
		ExecutionOrderSort (0ms)
		DisableScriptedObjects (10ms)
		BackupInstance (0ms)
		ReleaseScriptingObjects (0ms)
		CreateAndSetChildDomain (44ms)
	RebuildCommonClasses (55ms)
	RebuildNativeTypeToScriptingClass (23ms)
	initialDomainReloadingComplete (61ms)
	LoadAllAssembliesAndSetupDomain (1061ms)
		LoadAssemblies (734ms)
		RebuildTransferFunctionScriptingTraits (0ms)
		AnalyzeDomain (504ms)
			TypeCache.Refresh (334ms)
				TypeCache.ScanAssembly (301ms)
			BuildScriptInfoCaches (134ms)
			ResolveRequiredComponents (27ms)
	FinalizeReload (4514ms)
		ReleaseScriptCaches (0ms)
		RebuildScriptCaches (0ms)
		SetupLoadedEditorAssemblies (2449ms)
			LogAssemblyErrors (0ms)
			InitializePlatformSupportModulesInManaged (4ms)
			SetLoadedEditorAssemblies (9ms)
			BeforeProcessingInitializeOnLoad (289ms)
			ProcessInitializeOnLoadAttributes (648ms)
			ProcessInitializeOnLoadMethodAttributes (1486ms)
			AfterProcessingInitializeOnLoad (12ms)
			EditorAssembliesLoaded (0ms)
		ExecutionOrderSort2 (0ms)
		AwakeInstancesAfterBackupRestoration (12ms)
Launched and connected shader compiler UnityShaderCompiler.exe after 0.21 seconds
Refreshing native plugins compatible for Editor in 21.11 ms, found 4 plugins.
Preloading 0 native plugins for Editor in 0.00 ms.
Unloading 208 Unused Serialized files (Serialized files now loaded: 0)
Unloading 6994 unused Assets / (5.3 MB). Loaded Objects now: 7614.
Memory consumption went from 165.4 MB to 160.0 MB.
Total: 24.421800 ms (FindLiveObjects: 2.625500 ms CreateObjectMapping: 2.962700 ms MarkObjects: 11.963500 ms  DeleteObjects: 6.866400 ms)

========================================================================
Received Import Request.
  Time since last request: 11818.535015 seconds.
  path: Assets/Prefix/Player.prefab
  artifactKey: Guid(b3e75d2a411d26240a5cd2b97df6e0f5) Importer(815301076,1909f56bfc062723c751e8b465ee728b)
Start importing Assets/Prefix/Player.prefab using Guid(b3e75d2a411d26240a5cd2b97df6e0f5) Importer(815301076,1909f56bfc062723c751e8b465ee728b) (PreviewImporter)Asset 'Player': Transition 'player_attack2 -> player_walk1' in state 'player_attack2' doesn't have an Exit Time or any condition, transition will be ignored
UnityEngine.Debug:ExtractStackTraceNoAlloc (byte*,int,string)
UnityEngine.StackTraceUtility:ExtractStackTrace ()
UnityEditor.EditorUtility:Internal_InstantiateRemoveAllNonAnimationComponentsSingle (UnityEngine.Object,UnityEngine.Vector3,UnityEngine.Quaternion)
UnityEditor.EditorUtility:InstantiateRemoveAllNonAnimationComponents (UnityEngine.Object,UnityEngine.Vector3,UnityEngine.Quaternion)
UnityEditor.EditorUtility:InstantiateForAnimatorPreview (UnityEngine.Object)
UnityEditor.GameObjectInspector/PreviewData:UpdateGameObject (UnityEngine.Object)
UnityEditor.GameObjectInspector/PreviewData:.ctor (UnityEngine.Object,bool)
UnityEditor.GameObjectInspector:GetPreviewData (bool)
UnityEditor.GameObjectInspector:RenderStaticPreview (string,UnityEngine.Object[],int,int)
UnityEditor.AssetPreviewUpdater:CreatePreview (UnityEngine.Object,UnityEngine.Object[],string,int,int)
UnityEditor.AssetPreviewUpdater:CreatePreviewForAsset (UnityEngine.Object,UnityEngine.Object[],string)

[C:\build\output\unity\unity\Editor\Src\Animation\StateMachine.cpp line 1862]

 -> (artifact id: '2e62d098ddc2c2676b6f156bdc31386f') in 2.2616293 seconds
Number of updated asset objects reloaded before import = 0Number of asset objects unloaded after import = 127

========================================================================
Received Import Request.
  Time since last request: 0.000057 seconds.
  path: Assets/TileTest/New Palette.prefab
  artifactKey: Guid(8c9595a0d0d15a345a646a818e36ae50) Importer(815301076,1909f56bfc062723c751e8b465ee728b)
Start importing Assets/TileTest/New Palette.prefab using Guid(8c9595a0d0d15a345a646a818e36ae50) Importer(815301076,1909f56bfc062723c751e8b465ee728b) (PreviewImporter) -> (artifact id: '0a038383d4897446fb216b0ceb9fe580') in 1.0573799 seconds
Number of updated asset objects reloaded before import = 0Number of asset objects unloaded after import = 354

========================================================================
Received Import Request.
  Time since last request: 335.487906 seconds.
  path: Assets/TileTest/ExampleTiles_89.asset
  artifactKey: Guid(9fae2117c2922964490c5aa03d109978) Importer(815301076,1909f56bfc062723c751e8b465ee728b)
Start importing Assets/TileTest/ExampleTiles_89.asset using Guid(9fae2117c2922964490c5aa03d109978) Importer(815301076,1909f56bfc062723c751e8b465ee728b) (PreviewImporter) -> (artifact id: 'bce27fc31e87451151674dbd609c5aa9') in 0.4036963 seconds
Number of updated asset objects reloaded before import = 0Number of asset objects unloaded after import = 3

========================================================================
Received Import Request.
  Time since last request: 0.000074 seconds.
  path: Assets/TileTest/ExampleTiles_92.asset
  artifactKey: Guid(4ba05eccbe292464a8ecfcb22add945e) Importer(815301076,1909f56bfc062723c751e8b465ee728b)
Start importing Assets/TileTest/ExampleTiles_92.asset using Guid(4ba05eccbe292464a8ecfcb22add945e) Importer(815301076,1909f56bfc062723c751e8b465ee728b) (PreviewImporter) -> (artifact id: 'a14d9f9af70584453484b36e2fca2d3a') in 0.0216327 seconds
Number of updated asset objects reloaded before import = 0Number of asset objects unloaded after import = 3

========================================================================
Received Import Request.
  Time since last request: 0.000045 seconds.
  path: Assets/TileMap/ExampleTiles_91.asset
  artifactKey: Guid(00dff9a3ef4fc7a48a02890d128ed5e9) Importer(815301076,1909f56bfc062723c751e8b465ee728b)
Start importing Assets/TileMap/ExampleTiles_91.asset using Guid(00dff9a3ef4fc7a48a02890d128ed5e9) Importer(815301076,1909f56bfc062723c751e8b465ee728b) (PreviewImporter) -> (artifact id: 'e144c157223171bfca6bfb568f8f3f70') in 0.0234243 seconds
Number of updated asset objects reloaded before import = 0Number of asset objects unloaded after import = 3

========================================================================
Received Import Request.
  Time since last request: 0.000047 seconds.
  path: Assets/TileMap/ExampleTiles_93.asset
  artifactKey: Guid(a9af5d156058ce047a4d8e0271455516) Importer(815301076,1909f56bfc062723c751e8b465ee728b)
Start importing Assets/TileMap/ExampleTiles_93.asset using Guid(a9af5d156058ce047a4d8e0271455516) Importer(815301076,1909f56bfc062723c751e8b465ee728b) (PreviewImporter) -> (artifact id: 'c7e200f382a2012b0a2c51b88130122e') in 0.0093853 seconds
Number of updated asset objects reloaded before import = 0Number of asset objects unloaded after import = 3

========================================================================
Received Import Request.
  Time since last request: 0.000056 seconds.
  path: Assets/TileTest/ExampleTiles_91.asset
  artifactKey: Guid(7ec832124ca1064459b622a3e0817084) Importer(815301076,1909f56bfc062723c751e8b465ee728b)
Start importing Assets/TileTest/ExampleTiles_91.asset using Guid(7ec832124ca1064459b622a3e0817084) Importer(815301076,1909f56bfc062723c751e8b465ee728b) (PreviewImporter) -> (artifact id: '7a1422b2a79ccb3b98e55704cec41d5e') in 0.008436 seconds
Number of updated asset objects reloaded before import = 0Number of asset objects unloaded after import = 3

========================================================================
Received Import Request.
  Time since last request: 18.134968 seconds.
  path: Assets/TileMap/ExampleTiles_94.asset
  artifactKey: Guid(28b786a84fee11d4690f50a36fddfc5c) Importer(815301076,1909f56bfc062723c751e8b465ee728b)
Start importing Assets/TileMap/ExampleTiles_94.asset using Guid(28b786a84fee11d4690f50a36fddfc5c) Importer(815301076,1909f56bfc062723c751e8b465ee728b) (PreviewImporter) -> (artifact id: '9fd4a18a7d0690af7529ef4441078a8d') in 0.0754004 seconds
Number of updated asset objects reloaded before import = 0Number of asset objects unloaded after import = 3

========================================================================
Received Import Request.
  Time since last request: 0.879434 seconds.
  path: Assets/TileMap/ExampleTiles_95.asset
  artifactKey: Guid(f6c0a3710e594484ba9e2e6b032775d1) Importer(815301076,1909f56bfc062723c751e8b465ee728b)
Start importing Assets/TileMap/ExampleTiles_95.asset using Guid(f6c0a3710e594484ba9e2e6b032775d1) Importer(815301076,1909f56bfc062723c751e8b465ee728b) (PreviewImporter) -> (artifact id: '298ec06a3862533e4ca9fb424575a9b1') in 0.0062505 seconds
Number of updated asset objects reloaded before import = 0Number of asset objects unloaded after import = 3

========================================================================
Received Import Request.
  Time since last request: 0.000033 seconds.
  path: Assets/TileMap/ExampleTiles_97.asset
  artifactKey: Guid(206fad2342161bd41902bee64492eea9) Importer(815301076,1909f56bfc062723c751e8b465ee728b)
Start importing Assets/TileMap/ExampleTiles_97.asset using Guid(206fad2342161bd41902bee64492eea9) Importer(815301076,1909f56bfc062723c751e8b465ee728b) (PreviewImporter) -> (artifact id: '5b97117bb99099d65224d104f672dca8') in 0.066525 seconds
Number of updated asset objects reloaded before import = 0Number of asset objects unloaded after import = 3

========================================================================
Received Import Request.
  Time since last request: 0.000036 seconds.
  path: Assets/TileMap/ExampleTiles_100.asset
  artifactKey: Guid(a3507d70bec2aca4abad744197ad2266) Importer(815301076,1909f56bfc062723c751e8b465ee728b)
Start importing Assets/TileMap/ExampleTiles_100.asset using Guid(a3507d70bec2aca4abad744197ad2266) Importer(815301076,1909f56bfc062723c751e8b465ee728b) (PreviewImporter) -> (artifact id: 'f549481bc7dd65efcffa0f6902fa06e0') in 0.0079444 seconds
Number of updated asset objects reloaded before import = 0Number of asset objects unloaded after import = 3

========================================================================
Received Import Request.
  Time since last request: 0.000062 seconds.
  path: Assets/TileTest/ExampleTiles_101.asset
  artifactKey: Guid(22f3219a8f71e5046be62c90ed70be75) Importer(815301076,1909f56bfc062723c751e8b465ee728b)
Start importing Assets/TileTest/ExampleTiles_101.asset using Guid(22f3219a8f71e5046be62c90ed70be75) Importer(815301076,1909f56bfc062723c751e8b465ee728b) (PreviewImporter) -> (artifact id: '168fb7681b885693482f5e8c203bc12c') in 0.0203598 seconds
Number of updated asset objects reloaded before import = 0Number of asset objects unloaded after import = 3

========================================================================
Received Import Request.
  Time since last request: 0.000034 seconds.
  path: Assets/TileTest/ExampleTiles_103.asset
  artifactKey: Guid(c6369dee1c67b894aad4605e7b69a67c) Importer(815301076,1909f56bfc062723c751e8b465ee728b)
Start importing Assets/TileTest/ExampleTiles_103.asset using Guid(c6369dee1c67b894aad4605e7b69a67c) Importer(815301076,1909f56bfc062723c751e8b465ee728b) (PreviewImporter) -> (artifact id: '96ecd5464bac8df4d8f7406d1ba1e72d') in 0.0114592 seconds
Number of updated asset objects reloaded before import = 0Number of asset objects unloaded after import = 3

========================================================================
Received Import Request.
  Time since last request: 40.722943 seconds.
  path: Assets/TileMap/ExampleTiles_71.asset
  artifactKey: Guid(739b825cd6765dd49aba8ab2a77f4096) Importer(815301076,1909f56bfc062723c751e8b465ee728b)
Start importing Assets/TileMap/ExampleTiles_71.asset using Guid(739b825cd6765dd49aba8ab2a77f4096) Importer(815301076,1909f56bfc062723c751e8b465ee728b) (PreviewImporter) -> (artifact id: '51e47355ab50824e1ad8a7b93e29afaf') in 0.0062626 seconds
Number of updated asset objects reloaded before import = 0Number of asset objects unloaded after import = 3

========================================================================
Received Import Request.
  Time since last request: 0.000038 seconds.
  path: Assets/TileMap/ExampleTiles_89.asset
  artifactKey: Guid(ad1486e0c4a31a14babd5b8b576f833a) Importer(815301076,1909f56bfc062723c751e8b465ee728b)
Start importing Assets/TileMap/ExampleTiles_89.asset using Guid(ad1486e0c4a31a14babd5b8b576f833a) Importer(815301076,1909f56bfc062723c751e8b465ee728b) (PreviewImporter) -> (artifact id: 'd3546714124c185af148120dfe5418ee') in 0.0222231 seconds
Number of updated asset objects reloaded before import = 0Number of asset objects unloaded after import = 3

========================================================================
Received Import Request.
  Time since last request: 0.000047 seconds.
  path: Assets/TileMap/ExampleTiles_105.asset
  artifactKey: Guid(278667ad5119a4640938e3d318edec1f) Importer(815301076,1909f56bfc062723c751e8b465ee728b)
Start importing Assets/TileMap/ExampleTiles_105.asset using Guid(278667ad5119a4640938e3d318edec1f) Importer(815301076,1909f56bfc062723c751e8b465ee728b) (PreviewImporter) -> (artifact id: 'b6a7d55300d31700561ff29e84b65891') in 0.080719 seconds
Number of updated asset objects reloaded before import = 0Number of asset objects unloaded after import = 3

========================================================================
Received Import Request.
  Time since last request: 0.000048 seconds.
  path: Assets/TileMap/ExampleTiles_115.asset
  artifactKey: Guid(976c299dbf2de92459f6fead46d0375a) Importer(815301076,1909f56bfc062723c751e8b465ee728b)
Start importing Assets/TileMap/ExampleTiles_115.asset using Guid(976c299dbf2de92459f6fead46d0375a) Importer(815301076,1909f56bfc062723c751e8b465ee728b) (PreviewImporter) -> (artifact id: 'dd7aa59407da8d093bc4a201cee111b3') in 0.0423145 seconds
Number of updated asset objects reloaded before import = 0Number of asset objects unloaded after import = 3

========================================================================
Received Import Request.
  Time since last request: 0.000035 seconds.
  path: Assets/TileTest/ExampleTiles_118.asset
  artifactKey: Guid(b445e68e1050c694fb8e8615b5694268) Importer(815301076,1909f56bfc062723c751e8b465ee728b)
Start importing Assets/TileTest/ExampleTiles_118.asset using Guid(b445e68e1050c694fb8e8615b5694268) Importer(815301076,1909f56bfc062723c751e8b465ee728b) (PreviewImporter) -> (artifact id: '614a8e6101482bde6e8bb2b8c4ce8d04') in 0.0284578 seconds
Number of updated asset objects reloaded before import = 0Number of asset objects unloaded after import = 3

========================================================================
Received Import Request.
  Time since last request: 0.000043 seconds.
  path: Assets/TileTest/ExampleTiles_116.asset
  artifactKey: Guid(70e1a0d6ab4cb364cb2a30b9c4e85b63) Importer(815301076,1909f56bfc062723c751e8b465ee728b)
Start importing Assets/TileTest/ExampleTiles_116.asset using Guid(70e1a0d6ab4cb364cb2a30b9c4e85b63) Importer(815301076,1909f56bfc062723c751e8b465ee728b) (PreviewImporter) -> (artifact id: 'ab466247dd1c68bb559c409910e8c212') in 0.0193951 seconds
Number of updated asset objects reloaded before import = 0Number of asset objects unloaded after import = 3

========================================================================
Received Import Request.
  Time since last request: 0.654320 seconds.
  path: Assets/TileTest/ExampleTiles_119.asset
  artifactKey: Guid(773553cb25f86a7489b58827daf0da25) Importer(815301076,1909f56bfc062723c751e8b465ee728b)
Start importing Assets/TileTest/ExampleTiles_119.asset using Guid(773553cb25f86a7489b58827daf0da25) Importer(815301076,1909f56bfc062723c751e8b465ee728b) (PreviewImporter) -> (artifact id: '2c3e71dc5f2a476f4ed5082aab1e5067') in 0.0468199 seconds
Number of updated asset objects reloaded before import = 0Number of asset objects unloaded after import = 3

========================================================================
Received Import Request.
  Time since last request: 0.411454 seconds.
  path: Assets/TileMap/ExampleTiles_120.asset
  artifactKey: Guid(2a403ede4f6a7a94994d9f18919573c3) Importer(815301076,1909f56bfc062723c751e8b465ee728b)
Start importing Assets/TileMap/ExampleTiles_120.asset using Guid(2a403ede4f6a7a94994d9f18919573c3) Importer(815301076,1909f56bfc062723c751e8b465ee728b) (PreviewImporter) -> (artifact id: '35b2c1cc929a66b4e95d618f77999898') in 0.0212656 seconds
Number of updated asset objects reloaded before import = 0Number of asset objects unloaded after import = 3

========================================================================
Received Import Request.
  Time since last request: 0.092058 seconds.
  path: Assets/TileMap/ExampleTiles_123.asset
  artifactKey: Guid(4014f6c15256add41ac4085c399aeb11) Importer(815301076,1909f56bfc062723c751e8b465ee728b)
Start importing Assets/TileMap/ExampleTiles_123.asset using Guid(4014f6c15256add41ac4085c399aeb11) Importer(815301076,1909f56bfc062723c751e8b465ee728b) (PreviewImporter) -> (artifact id: '3788ce5e2ac3c3a6d89a6327bfb8abff') in 0.0112733 seconds
Number of updated asset objects reloaded before import = 0Number of asset objects unloaded after import = 3

========================================================================
Received Import Request.
  Time since last request: 0.036527 seconds.
  path: Assets/TileTest/ExampleTiles_124.asset
  artifactKey: Guid(df1046899915e8e44923fa7e447397b1) Importer(815301076,1909f56bfc062723c751e8b465ee728b)
Start importing Assets/TileTest/ExampleTiles_124.asset using Guid(df1046899915e8e44923fa7e447397b1) Importer(815301076,1909f56bfc062723c751e8b465ee728b) (PreviewImporter) -> (artifact id: '533c549e5ccf11ba77c83d190ae08b92') in 0.0198945 seconds
Number of updated asset objects reloaded before import = 0Number of asset objects unloaded after import = 3

========================================================================
Received Import Request.
  Time since last request: 0.178998 seconds.
  path: Assets/TileMap/ExampleTiles_125.asset
  artifactKey: Guid(4d98d086ce8771b4a9a879565132381a) Importer(815301076,1909f56bfc062723c751e8b465ee728b)
Start importing Assets/TileMap/ExampleTiles_125.asset using Guid(4d98d086ce8771b4a9a879565132381a) Importer(815301076,1909f56bfc062723c751e8b465ee728b) (PreviewImporter) -> (artifact id: 'd8561f1adde39bc708d5d7f208af4477') in 0.0114134 seconds
Number of updated asset objects reloaded before import = 0Number of asset objects unloaded after import = 3

========================================================================
Received Import Request.
  Time since last request: 0.059008 seconds.
  path: Assets/TileMap/ExampleTiles_126.asset
  artifactKey: Guid(e146a98564f2f2e47a7ab6cf7b194a70) Importer(815301076,1909f56bfc062723c751e8b465ee728b)
Start importing Assets/TileMap/ExampleTiles_126.asset using Guid(e146a98564f2f2e47a7ab6cf7b194a70) Importer(815301076,1909f56bfc062723c751e8b465ee728b) (PreviewImporter) -> (artifact id: 'e6506342e9f1de1737edba0929777410') in 0.0314056 seconds
Number of updated asset objects reloaded before import = 0Number of asset objects unloaded after import = 3

========================================================================
Received Import Request.
  Time since last request: 0.034514 seconds.
  path: Assets/TileTest/ExampleTiles_127.asset
  artifactKey: Guid(28855f525ea2e134785e19ef669a3af7) Importer(815301076,1909f56bfc062723c751e8b465ee728b)
Start importing Assets/TileTest/ExampleTiles_127.asset using Guid(28855f525ea2e134785e19ef669a3af7) Importer(815301076,1909f56bfc062723c751e8b465ee728b) (PreviewImporter) -> (artifact id: 'baad458ca24a27d257d5b2ae8350d625') in 0.0087835 seconds
Number of updated asset objects reloaded before import = 0Number of asset objects unloaded after import = 3

========================================================================
Received Import Request.
  Time since last request: 0.270453 seconds.
  path: Assets/TileTest/ExampleTiles_128.asset
  artifactKey: Guid(de550f924bddf65409af31b78a176030) Importer(815301076,1909f56bfc062723c751e8b465ee728b)
Start importing Assets/TileTest/ExampleTiles_128.asset using Guid(de550f924bddf65409af31b78a176030) Importer(815301076,1909f56bfc062723c751e8b465ee728b) (PreviewImporter) -> (artifact id: '21c94de933b5de1bdd024747f8f4549b') in 0.0092434 seconds
Number of updated asset objects reloaded before import = 0Number of asset objects unloaded after import = 3

========================================================================
Received Import Request.
  Time since last request: 0.033779 seconds.
  path: Assets/TileTest/Tileset_0.asset
  artifactKey: Guid(07960b4f5fc95ac42b233ff6c9cb1f9b) Importer(815301076,1909f56bfc062723c751e8b465ee728b)
Start importing Assets/TileTest/Tileset_0.asset using Guid(07960b4f5fc95ac42b233ff6c9cb1f9b) Importer(815301076,1909f56bfc062723c751e8b465ee728b) (PreviewImporter) -> (artifact id: 'f167362f0a30a3d9852b5fc27beaea7a') in 0.0417426 seconds
Number of updated asset objects reloaded before import = 0Number of asset objects unloaded after import = 3

========================================================================
Received Import Request.
  Time since last request: 0.078383 seconds.
  path: Assets/TileMap/Tileset_1 1.asset
  artifactKey: Guid(152b536ef5cc6124c86ad8ac36664ec7) Importer(815301076,1909f56bfc062723c751e8b465ee728b)
Start importing Assets/TileMap/Tileset_1 1.asset using Guid(152b536ef5cc6124c86ad8ac36664ec7) Importer(815301076,1909f56bfc062723c751e8b465ee728b) (PreviewImporter) -> (artifact id: '344d76ec1fd9854dafcdc82a7a8d9bfb') in 0.0069447 seconds
Number of updated asset objects reloaded before import = 0Number of asset objects unloaded after import = 3

========================================================================
Received Import Request.
  Time since last request: 0.138671 seconds.
  path: Assets/TileTest/Tileset_3.asset
  artifactKey: Guid(f188b935c437ddb479c61352c9e5a9c9) Importer(815301076,1909f56bfc062723c751e8b465ee728b)
Start importing Assets/TileTest/Tileset_3.asset using Guid(f188b935c437ddb479c61352c9e5a9c9) Importer(815301076,1909f56bfc062723c751e8b465ee728b) (PreviewImporter) -> (artifact id: 'a1fb7e042d416f936860e525e1366239') in 0.0461962 seconds
Number of updated asset objects reloaded before import = 0Number of asset objects unloaded after import = 3

========================================================================
Received Import Request.
  Time since last request: 0.288391 seconds.
  path: Assets/TileMap/Tileset_3 1.asset
  artifactKey: Guid(b06aab9ec587bce4fa5678ada9e20ea5) Importer(815301076,1909f56bfc062723c751e8b465ee728b)
Start importing Assets/TileMap/Tileset_3 1.asset using Guid(b06aab9ec587bce4fa5678ada9e20ea5) Importer(815301076,1909f56bfc062723c751e8b465ee728b) (PreviewImporter) -> (artifact id: '2c4f312c861580b5074d4d854619c160') in 0.0085781 seconds
Number of updated asset objects reloaded before import = 0Number of asset objects unloaded after import = 3

========================================================================
Received Import Request.
  Time since last request: 0.017979 seconds.
  path: Assets/TileTest/Tileset_5.asset
  artifactKey: Guid(1da6b3c149a815849942a4c9a2922ee2) Importer(815301076,1909f56bfc062723c751e8b465ee728b)
Start importing Assets/TileTest/Tileset_5.asset using Guid(1da6b3c149a815849942a4c9a2922ee2) Importer(815301076,1909f56bfc062723c751e8b465ee728b) (PreviewImporter) -> (artifact id: '40a404b7a763308a1fac81d5ae1f4315') in 0.0090056 seconds
Number of updated asset objects reloaded before import = 0Number of asset objects unloaded after import = 3

========================================================================
Received Import Request.
  Time since last request: 0.000069 seconds.
  path: Assets/TileTest/Tileset_6.asset
  artifactKey: Guid(393e52b2a32f58047a379582689036a2) Importer(815301076,1909f56bfc062723c751e8b465ee728b)
Start importing Assets/TileTest/Tileset_6.asset using Guid(393e52b2a32f58047a379582689036a2) Importer(815301076,1909f56bfc062723c751e8b465ee728b) (PreviewImporter) -> (artifact id: '9115454bdba25786c9b1e4a86f7eef81') in 0.0137915 seconds
Number of updated asset objects reloaded before import = 0Number of asset objects unloaded after import = 3

========================================================================
Received Import Request.
  Time since last request: 0.000086 seconds.
  path: Assets/TileMap/Tileset_9 1.asset
  artifactKey: Guid(38a1b6c72c82ea642a9b99d815e08571) Importer(815301076,1909f56bfc062723c751e8b465ee728b)
Start importing Assets/TileMap/Tileset_9 1.asset using Guid(38a1b6c72c82ea642a9b99d815e08571) Importer(815301076,1909f56bfc062723c751e8b465ee728b) (PreviewImporter) -> (artifact id: '9ab4c07e1a5f9c81c1a248d32d9bd96d') in 0.0068912 seconds
Number of updated asset objects reloaded before import = 0Number of asset objects unloaded after import = 3

========================================================================
Received Import Request.
  Time since last request: 0.000033 seconds.
  path: Assets/TileMap/Tileset_10 1.asset
  artifactKey: Guid(e184cb94c38db2447843c088ee96c444) Importer(815301076,1909f56bfc062723c751e8b465ee728b)
Start importing Assets/TileMap/Tileset_10 1.asset using Guid(e184cb94c38db2447843c088ee96c444) Importer(815301076,1909f56bfc062723c751e8b465ee728b) (PreviewImporter) -> (artifact id: 'b91cebb9994e335108f3b862e76b358a') in 0.0104436 seconds
Number of updated asset objects reloaded before import = 0Number of asset objects unloaded after import = 3

========================================================================
Received Import Request.
  Time since last request: 0.000268 seconds.
  path: Assets/TileMap/Tileset_15 1.asset
  artifactKey: Guid(b886068c9c22a7d409b581652966279d) Importer(815301076,1909f56bfc062723c751e8b465ee728b)
Start importing Assets/TileMap/Tileset_15 1.asset using Guid(b886068c9c22a7d409b581652966279d) Importer(815301076,1909f56bfc062723c751e8b465ee728b) (PreviewImporter) -> (artifact id: 'c3554418a8517c367c664da28a893b23') in 0.0085229 seconds
Number of updated asset objects reloaded before import = 0Number of asset objects unloaded after import = 3

========================================================================
Received Import Request.
  Time since last request: 0.000039 seconds.
  path: Assets/TileMap/Tileset_12.asset
  artifactKey: Guid(6582a1a5e9abab345956a742912ac223) Importer(815301076,1909f56bfc062723c751e8b465ee728b)
Start importing Assets/TileMap/Tileset_12.asset using Guid(6582a1a5e9abab345956a742912ac223) Importer(815301076,1909f56bfc062723c751e8b465ee728b) (PreviewImporter) -> (artifact id: '3e82c931b8f9a3c5fec659badf137a7f') in 0.0157582 seconds
Number of updated asset objects reloaded before import = 0Number of asset objects unloaded after import = 3

========================================================================
Received Import Request.
  Time since last request: 0.000609 seconds.
  path: Assets/TileMap/Tileset_14 1.asset
  artifactKey: Guid(a0fe49107e5f2b84398e7d5d08a0325f) Importer(815301076,1909f56bfc062723c751e8b465ee728b)
Start importing Assets/TileMap/Tileset_14 1.asset using Guid(a0fe49107e5f2b84398e7d5d08a0325f) Importer(815301076,1909f56bfc062723c751e8b465ee728b) (PreviewImporter) -> (artifact id: '27c02446f0a99dc8c647c940d87875c0') in 0.0081415 seconds
Number of updated asset objects reloaded before import = 0Number of asset objects unloaded after import = 3

========================================================================
Received Import Request.
  Time since last request: 0.000033 seconds.
  path: Assets/TileMap/Tileset_9.asset
  artifactKey: Guid(0553986a2e18f6444a3492c7e32bb507) Importer(815301076,1909f56bfc062723c751e8b465ee728b)
Start importing Assets/TileMap/Tileset_9.asset using Guid(0553986a2e18f6444a3492c7e32bb507) Importer(815301076,1909f56bfc062723c751e8b465ee728b) (PreviewImporter) -> (artifact id: 'd2c1d4fcbd88dec9086f10efa7e5edd9') in 0.0140197 seconds
Number of updated asset objects reloaded before import = 0Number of asset objects unloaded after import = 3

========================================================================
Received Import Request.
  Time since last request: 0.000046 seconds.
  path: Assets/TileTest/Tileset_16.asset
  artifactKey: Guid(8dfa623bacea262468fb13a47d87e6dc) Importer(815301076,1909f56bfc062723c751e8b465ee728b)
Start importing Assets/TileTest/Tileset_16.asset using Guid(8dfa623bacea262468fb13a47d87e6dc) Importer(815301076,1909f56bfc062723c751e8b465ee728b) (PreviewImporter) -> (artifact id: 'd82b8f9302d23ec69b42d4f954153bed') in 0.0080053 seconds
Number of updated asset objects reloaded before import = 0Number of asset objects unloaded after import = 3

========================================================================
Received Import Request.
  Time since last request: 0.000055 seconds.
  path: Assets/TileMap/Tileset_13 1.asset
  artifactKey: Guid(9de9b328c8c5dc641bfdf9be0f73ae27) Importer(815301076,1909f56bfc062723c751e8b465ee728b)
Start importing Assets/TileMap/Tileset_13 1.asset using Guid(9de9b328c8c5dc641bfdf9be0f73ae27) Importer(815301076,1909f56bfc062723c751e8b465ee728b) (PreviewImporter) -> (artifact id: '7a56a8f3b26e61a94ee24d577f7c0ec8') in 0.0079899 seconds
Number of updated asset objects reloaded before import = 0Number of asset objects unloaded after import = 3

========================================================================
Received Import Request.
  Time since last request: 121.341989 seconds.
  path: Assets/TileTest/ExampleTiles_66.asset
  artifactKey: Guid(389c22d909967c04a912fd2d296032d8) Importer(815301076,1909f56bfc062723c751e8b465ee728b)
Start importing Assets/TileTest/ExampleTiles_66.asset using Guid(389c22d909967c04a912fd2d296032d8) Importer(815301076,1909f56bfc062723c751e8b465ee728b) (PreviewImporter) -> (artifact id: 'a28e5b3f687322b42506ada6c7acee36') in 0.0333747 seconds
Number of updated asset objects reloaded before import = 0Number of asset objects unloaded after import = 3

========================================================================
Received Import Request.
  Time since last request: 0.000061 seconds.
  path: Assets/TileTest/ExampleTiles_68.asset
  artifactKey: Guid(02af358f93a33b149802efa6c759cfd8) Importer(815301076,1909f56bfc062723c751e8b465ee728b)
Start importing Assets/TileTest/ExampleTiles_68.asset using Guid(02af358f93a33b149802efa6c759cfd8) Importer(815301076,1909f56bfc062723c751e8b465ee728b) (PreviewImporter) -> (artifact id: '7289f3348b0dc4e7adc2369b393ea21d') in 0.0187379 seconds
Number of updated asset objects reloaded before import = 0Number of asset objects unloaded after import = 3

========================================================================
Received Import Request.
  Time since last request: 0.000081 seconds.
  path: Assets/TileMap/ExampleTiles_69.asset
  artifactKey: Guid(a160a01d9c7178b4391bfbd086aa4a0e) Importer(815301076,1909f56bfc062723c751e8b465ee728b)
Start importing Assets/TileMap/ExampleTiles_69.asset using Guid(a160a01d9c7178b4391bfbd086aa4a0e) Importer(815301076,1909f56bfc062723c751e8b465ee728b) (PreviewImporter) -> (artifact id: '5c0dc758e3687b027722c5d865001d76') in 0.0237972 seconds
Number of updated asset objects reloaded before import = 0Number of asset objects unloaded after import = 3

========================================================================
Received Import Request.
  Time since last request: 0.000044 seconds.
  path: Assets/TileMap/ExampleTiles_67.asset
  artifactKey: Guid(cc0949a7d9a71c8419a1974ed64470d9) Importer(815301076,1909f56bfc062723c751e8b465ee728b)
Start importing Assets/TileMap/ExampleTiles_67.asset using Guid(cc0949a7d9a71c8419a1974ed64470d9) Importer(815301076,1909f56bfc062723c751e8b465ee728b) (PreviewImporter) -> (artifact id: 'fae9c86257f3bd3a415752bb614b3a70') in 0.0194225 seconds
Number of updated asset objects reloaded before import = 0Number of asset objects unloaded after import = 3

Editor requested this worker to shutdown with reason: Scaling down because of idle timeout
AssetImportWorker is now disconnected from the server
Process exiting
Exiting without the bug reporter. Application will terminate with return code 0